{"C:\\Users\\solan\\OneDrive\\Bureau\\linkmind\\backend\\src\\server.js": {"path":"C:\\Users\\solan\\OneDrive\\Bureau\\linkmind\\backend\\src\\server.js","statementMap":{"0":{"start":{"line":1,"column":0},"end":{"line":1,"column":27}},"1":{"start":{"line":2,"column":16},"end":{"line":2,"column":34}},"2":{"start":{"line":3,"column":13},"end":{"line":3,"column":28}},"3":{"start":{"line":4,"column":13},"end":{"line":4,"column":28}},"4":{"start":{"line":5,"column":11},"end":{"line":5,"column":24}},"5":{"start":{"line":6,"column":15},"end":{"line":6,"column":32}},"6":{"start":{"line":9,"column":18},"end":{"line":9,"column":46}},"7":{"start":{"line":12,"column":19},"end":{"line":12,"column":50}},"8":{"start":{"line":13,"column":19},"end":{"line":13,"column":50}},"9":{"start":{"line":14,"column":24},"end":{"line":14,"column":60}},"10":{"start":{"line":15,"column":24},"end":{"line":15,"column":60}},"11":{"start":{"line":16,"column":19},"end":{"line":16,"column":50}},"12":{"start":{"line":17,"column":22},"end":{"line":17,"column":56}},"13":{"start":{"line":18,"column":27},"end":{"line":18,"column":66}},"14":{"start":{"line":19,"column":24},"end":{"line":19,"column":60}},"15":{"start":{"line":20,"column":27},"end":{"line":20,"column":66}},"16":{"start":{"line":21,"column":17},"end":{"line":21,"column":46}},"17":{"start":{"line":22,"column":21},"end":{"line":22,"column":54}},"18":{"start":{"line":25,"column":35},"end":{"line":25,"column":60}},"19":{"start":{"line":26,"column":25},"end":{"line":26,"column":64}},"20":{"start":{"line":27,"column":32},"end":{"line":27,"column":74}},"21":{"start":{"line":28,"column":33},"end":{"line":28,"column":73}},"22":{"start":{"line":36,"column":4},"end":{"line":36,"column":47}},"23":{"start":{"line":40,"column":4},"end":{"line":40,"column":47}},"24":{"start":{"line":43,"column":15},"end":{"line":43,"column":40}},"25":{"start":{"line":46,"column":35},"end":{"line":46,"column":74}},"26":{"start":{"line":48,"column":12},"end":{"line":48,"column":21}},"27":{"start":{"line":49,"column":13},"end":{"line":49,"column":37}},"28":{"start":{"line":52,"column":0},"end":{"line":55,"column":1}},"29":{"start":{"line":53,"column":2},"end":{"line":53,"column":66}},"30":{"start":{"line":54,"column":2},"end":{"line":54,"column":62}},"31":{"start":{"line":57,"column":0},"end":{"line":60,"column":1}},"32":{"start":{"line":58,"column":2},"end":{"line":58,"column":59}},"33":{"start":{"line":59,"column":2},"end":{"line":59,"column":53}},"34":{"start":{"line":63,"column":0},"end":{"line":63,"column":12}},"35":{"start":{"line":67,"column":0},"end":{"line":67,"column":25}},"36":{"start":{"line":68,"column":0},"end":{"line":68,"column":31}},"37":{"start":{"line":71,"column":0},"end":{"line":71,"column":29}},"38":{"start":{"line":74,"column":20},"end":{"line":90,"column":1}},"39":{"start":{"line":76,"column":27},"end":{"line":76,"column":89}},"40":{"start":{"line":76,"column":80},"end":{"line":76,"column":88}},"41":{"start":{"line":78,"column":4},"end":{"line":83,"column":5}},"42":{"start":{"line":79,"column":6},"end":{"line":79,"column":27}},"43":{"start":{"line":81,"column":6},"end":{"line":81,"column":78}},"44":{"start":{"line":82,"column":6},"end":{"line":82,"column":61}},"45":{"start":{"line":92,"column":0},"end":{"line":92,"column":27}},"46":{"start":{"line":95,"column":0},"end":{"line":95,"column":41}},"47":{"start":{"line":96,"column":0},"end":{"line":96,"column":63}},"48":{"start":{"line":99,"column":0},"end":{"line":99,"column":25}},"49":{"start":{"line":100,"column":0},"end":{"line":100,"column":24}},"50":{"start":{"line":103,"column":0},"end":{"line":109,"column":3}},"51":{"start":{"line":104,"column":2},"end":{"line":107,"column":3}},"52":{"start":{"line":105,"column":4},"end":{"line":105,"column":48}},"53":{"start":{"line":106,"column":4},"end":{"line":106,"column":28}},"54":{"start":{"line":108,"column":2},"end":{"line":108,"column":9}},"55":{"start":{"line":112,"column":0},"end":{"line":114,"column":1}},"56":{"start":{"line":113,"column":2},"end":{"line":113,"column":30}},"57":{"start":{"line":118,"column":19},"end":{"line":118,"column":50}},"58":{"start":{"line":119,"column":19},"end":{"line":119,"column":51}},"59":{"start":{"line":121,"column":0},"end":{"line":121,"column":78}},"60":{"start":{"line":121,"column":32},"end":{"line":121,"column":78}},"61":{"start":{"line":122,"column":0},"end":{"line":122,"column":78}},"62":{"start":{"line":122,"column":32},"end":{"line":122,"column":78}},"63":{"start":{"line":125,"column":0},"end":{"line":128,"column":4}},"64":{"start":{"line":131,"column":0},"end":{"line":140,"column":3}},"65":{"start":{"line":132,"column":2},"end":{"line":139,"column":5}},"66":{"start":{"line":143,"column":0},"end":{"line":143,"column":56}},"67":{"start":{"line":144,"column":0},"end":{"line":144,"column":53}},"68":{"start":{"line":145,"column":0},"end":{"line":145,"column":33}},"69":{"start":{"line":148,"column":0},"end":{"line":148,"column":37}},"70":{"start":{"line":151,"column":0},"end":{"line":151,"column":29}},"71":{"start":{"line":155,"column":0},"end":{"line":155,"column":78}},"72":{"start":{"line":156,"column":0},"end":{"line":156,"column":84}},"73":{"start":{"line":157,"column":0},"end":{"line":157,"column":83}},"74":{"start":{"line":158,"column":0},"end":{"line":158,"column":87}},"75":{"start":{"line":159,"column":0},"end":{"line":159,"column":77}},"76":{"start":{"line":160,"column":0},"end":{"line":160,"column":79}},"77":{"start":{"line":161,"column":0},"end":{"line":161,"column":81}},"78":{"start":{"line":162,"column":0},"end":{"line":162,"column":87}},"79":{"start":{"line":163,"column":0},"end":{"line":163,"column":83}},"80":{"start":{"line":166,"column":0},"end":{"line":166,"column":33}},"81":{"start":{"line":167,"column":0},"end":{"line":167,"column":44}},"82":{"start":{"line":168,"column":0},"end":{"line":168,"column":43}},"83":{"start":{"line":169,"column":0},"end":{"line":169,"column":50}},"84":{"start":{"line":170,"column":0},"end":{"line":170,"column":30}},"85":{"start":{"line":171,"column":0},"end":{"line":171,"column":34}},"86":{"start":{"line":172,"column":0},"end":{"line":172,"column":39}},"87":{"start":{"line":173,"column":0},"end":{"line":173,"column":50}},"88":{"start":{"line":174,"column":0},"end":{"line":174,"column":43}},"89":{"start":{"line":177,"column":0},"end":{"line":185,"column":3}},"90":{"start":{"line":178,"column":2},"end":{"line":184,"column":5}},"91":{"start":{"line":188,"column":0},"end":{"line":188,"column":22}},"92":{"start":{"line":191,"column":15},"end":{"line":221,"column":2}},"93":{"start":{"line":192,"column":2},"end":{"line":196,"column":5}},"94":{"start":{"line":198,"column":2},"end":{"line":198,"column":37}},"95":{"start":{"line":199,"column":2},"end":{"line":199,"column":57}},"96":{"start":{"line":200,"column":2},"end":{"line":200,"column":35}},"97":{"start":{"line":201,"column":2},"end":{"line":201,"column":57}},"98":{"start":{"line":202,"column":2},"end":{"line":202,"column":60}},"99":{"start":{"line":203,"column":2},"end":{"line":203,"column":63}},"100":{"start":{"line":204,"column":2},"end":{"line":204,"column":35}},"101":{"start":{"line":205,"column":2},"end":{"line":205,"column":48}},"102":{"start":{"line":206,"column":2},"end":{"line":206,"column":51}},"103":{"start":{"line":207,"column":2},"end":{"line":207,"column":46}},"104":{"start":{"line":208,"column":2},"end":{"line":208,"column":49}},"105":{"start":{"line":209,"column":2},"end":{"line":209,"column":41}},"106":{"start":{"line":210,"column":2},"end":{"line":210,"column":38}},"107":{"start":{"line":211,"column":2},"end":{"line":211,"column":36}},"108":{"start":{"line":212,"column":2},"end":{"line":212,"column":37}},"109":{"start":{"line":215,"column":2},"end":{"line":220,"column":3}},"110":{"start":{"line":216,"column":4},"end":{"line":216,"column":29}},"111":{"start":{"line":217,"column":4},"end":{"line":217,"column":53}},"112":{"start":{"line":219,"column":4},"end":{"line":219,"column":88}},"113":{"start":{"line":224,"column":0},"end":{"line":230,"column":3}},"114":{"start":{"line":225,"column":2},"end":{"line":225,"column":63}},"115":{"start":{"line":226,"column":2},"end":{"line":229,"column":5}},"116":{"start":{"line":227,"column":4},"end":{"line":227,"column":36}},"117":{"start":{"line":228,"column":4},"end":{"line":228,"column":20}},"118":{"start":{"line":232,"column":0},"end":{"line":238,"column":3}},"119":{"start":{"line":233,"column":2},"end":{"line":233,"column":62}},"120":{"start":{"line":234,"column":2},"end":{"line":237,"column":5}},"121":{"start":{"line":235,"column":4},"end":{"line":235,"column":36}},"122":{"start":{"line":236,"column":4},"end":{"line":236,"column":20}},"123":{"start":{"line":240,"column":0},"end":{"line":240,"column":21}}},"fnMap":{"0":{"name":"(anonymous_0)","decl":{"start":{"line":75,"column":10},"end":{"line":75,"column":11}},"loc":{"start":{"line":75,"column":32},"end":{"line":84,"column":3}},"line":75},"1":{"name":"(anonymous_1)","decl":{"start":{"line":76,"column":75},"end":{"line":76,"column":76}},"loc":{"start":{"line":76,"column":80},"end":{"line":76,"column":88}},"line":76},"2":{"name":"(anonymous_2)","decl":{"start":{"line":103,"column":8},"end":{"line":103,"column":9}},"loc":{"start":{"line":103,"column":28},"end":{"line":109,"column":1}},"line":103},"3":{"name":"(anonymous_3)","decl":{"start":{"line":131,"column":19},"end":{"line":131,"column":20}},"loc":{"start":{"line":131,"column":33},"end":{"line":140,"column":1}},"line":131},"4":{"name":"(anonymous_4)","decl":{"start":{"line":177,"column":8},"end":{"line":177,"column":9}},"loc":{"start":{"line":177,"column":22},"end":{"line":185,"column":1}},"line":177},"5":{"name":"(anonymous_5)","decl":{"start":{"line":191,"column":32},"end":{"line":191,"column":33}},"loc":{"start":{"line":191,"column":38},"end":{"line":221,"column":1}},"line":191},"6":{"name":"(anonymous_6)","decl":{"start":{"line":224,"column":22},"end":{"line":224,"column":23}},"loc":{"start":{"line":224,"column":28},"end":{"line":230,"column":1}},"line":224},"7":{"name":"(anonymous_7)","decl":{"start":{"line":226,"column":15},"end":{"line":226,"column":16}},"loc":{"start":{"line":226,"column":21},"end":{"line":229,"column":3}},"line":226},"8":{"name":"(anonymous_8)","decl":{"start":{"line":232,"column":21},"end":{"line":232,"column":22}},"loc":{"start":{"line":232,"column":27},"end":{"line":238,"column":1}},"line":232},"9":{"name":"(anonymous_9)","decl":{"start":{"line":234,"column":15},"end":{"line":234,"column":16}},"loc":{"start":{"line":234,"column":21},"end":{"line":237,"column":3}},"line":234}},"branchMap":{"0":{"loc":{"start":{"line":49,"column":13},"end":{"line":49,"column":37}},"type":"binary-expr","locations":[{"start":{"line":49,"column":13},"end":{"line":49,"column":29}},{"start":{"line":49,"column":33},"end":{"line":49,"column":37}}],"line":49},"1":{"loc":{"start":{"line":52,"column":0},"end":{"line":55,"column":1}},"type":"if","locations":[{"start":{"line":52,"column":0},"end":{"line":55,"column":1}},{"start":{},"end":{}}],"line":52},"2":{"loc":{"start":{"line":52,"column":4},"end":{"line":52,"column":106}},"type":"binary-expr","locations":[{"start":{"line":52,"column":4},"end":{"line":52,"column":27}},{"start":{"line":52,"column":31},"end":{"line":52,"column":106}}],"line":52},"3":{"loc":{"start":{"line":57,"column":0},"end":{"line":60,"column":1}},"type":"if","locations":[{"start":{"line":57,"column":0},"end":{"line":60,"column":1}},{"start":{},"end":{}}],"line":57},"4":{"loc":{"start":{"line":76,"column":28},"end":{"line":76,"column":58}},"type":"binary-expr","locations":[{"start":{"line":76,"column":28},"end":{"line":76,"column":52}},{"start":{"line":76,"column":56},"end":{"line":76,"column":58}}],"line":76},"5":{"loc":{"start":{"line":78,"column":4},"end":{"line":83,"column":5}},"type":"if","locations":[{"start":{"line":78,"column":4},"end":{"line":83,"column":5}},{"start":{"line":80,"column":11},"end":{"line":83,"column":5}}],"line":78},"6":{"loc":{"start":{"line":78,"column":8},"end":{"line":78,"column":82}},"type":"binary-expr","locations":[{"start":{"line":78,"column":8},"end":{"line":78,"column":15}},{"start":{"line":78,"column":19},"end":{"line":78,"column":50}},{"start":{"line":78,"column":54},"end":{"line":78,"column":82}}],"line":78},"7":{"loc":{"start":{"line":104,"column":2},"end":{"line":107,"column":3}},"type":"if","locations":[{"start":{"line":104,"column":2},"end":{"line":107,"column":3}},{"start":{},"end":{}}],"line":104},"8":{"loc":{"start":{"line":104,"column":6},"end":{"line":104,"column":47}},"type":"binary-expr","locations":[{"start":{"line":104,"column":6},"end":{"line":104,"column":27}},{"start":{"line":104,"column":31},"end":{"line":104,"column":47}}],"line":104},"9":{"loc":{"start":{"line":112,"column":0},"end":{"line":114,"column":1}},"type":"if","locations":[{"start":{"line":112,"column":0},"end":{"line":114,"column":1}},{"start":{},"end":{}}],"line":112},"10":{"loc":{"start":{"line":121,"column":0},"end":{"line":121,"column":78}},"type":"if","locations":[{"start":{"line":121,"column":0},"end":{"line":121,"column":78}},{"start":{},"end":{}}],"line":121},"11":{"loc":{"start":{"line":122,"column":0},"end":{"line":122,"column":78}},"type":"if","locations":[{"start":{"line":122,"column":0},"end":{"line":122,"column":78}},{"start":{},"end":{}}],"line":122}},"s":{"0":0,"1":0,"2":0,"3":0,"4":0,"5":0,"6":0,"7":0,"8":0,"9":0,"10":0,"11":0,"12":0,"13":0,"14":0,"15":0,"16":0,"17":0,"18":0,"19":0,"20":0,"21":0,"22":0,"23":0,"24":0,"25":0,"26":0,"27":0,"28":0,"29":0,"30":0,"31":0,"32":0,"33":0,"34":0,"35":0,"36":0,"37":0,"38":0,"39":0,"40":0,"41":0,"42":0,"43":0,"44":0,"45":0,"46":0,"47":0,"48":0,"49":0,"50":0,"51":0,"52":0,"53":0,"54":0,"55":0,"56":0,"57":0,"58":0,"59":0,"60":0,"61":0,"62":0,"63":0,"64":0,"65":0,"66":0,"67":0,"68":0,"69":0,"70":0,"71":0,"72":0,"73":0,"74":0,"75":0,"76":0,"77":0,"78":0,"79":0,"80":0,"81":0,"82":0,"83":0,"84":0,"85":0,"86":0,"87":0,"88":0,"89":0,"90":0,"91":0,"92":0,"93":0,"94":0,"95":0,"96":0,"97":0,"98":0,"99":0,"100":0,"101":0,"102":0,"103":0,"104":0,"105":0,"106":0,"107":0,"108":0,"109":0,"110":0,"111":0,"112":0,"113":0,"114":0,"115":0,"116":0,"117":0,"118":0,"119":0,"120":0,"121":0,"122":0,"123":0},"f":{"0":0,"1":0,"2":0,"3":0,"4":0,"5":0,"6":0,"7":0,"8":0,"9":0},"b":{"0":[0,0],"1":[0,0],"2":[0,0],"3":[0,0],"4":[0,0],"5":[0,0],"6":[0,0,0],"7":[0,0],"8":[0,0],"9":[0,0],"10":[0,0],"11":[0,0]}}
,"C:\\Users\\solan\\OneDrive\\Bureau\\linkmind\\backend\\src\\config\\cloudinary.js": {"path":"C:\\Users\\solan\\OneDrive\\Bureau\\linkmind\\backend\\src\\config\\cloudinary.js","statementMap":{"0":{"start":{"line":1,"column":19},"end":{"line":1,"column":43}},"1":{"start":{"line":3,"column":0},"end":{"line":7,"column":3}},"2":{"start":{"line":9,"column":0},"end":{"line":9,"column":28}}},"fnMap":{},"branchMap":{},"s":{"0":0,"1":0,"2":0},"f":{},"b":{}}
,"C:\\Users\\solan\\OneDrive\\Bureau\\linkmind\\backend\\src\\config\\constants.js": {"path":"C:\\Users\\solan\\OneDrive\\Bureau\\linkmind\\backend\\src\\config\\constants.js","statementMap":{"0":{"start":{"line":5,"column":18},"end":{"line":241,"column":1}},"1":{"start":{"line":243,"column":0},"end":{"line":243,"column":27}}},"fnMap":{},"branchMap":{},"s":{"0":0,"1":0},"f":{},"b":{}}
,"C:\\Users\\solan\\OneDrive\\Bureau\\linkmind\\backend\\src\\config\\database.js": {"path":"C:\\Users\\solan\\OneDrive\\Bureau\\linkmind\\backend\\src\\config\\database.js","statementMap":{"0":{"start":{"line":1,"column":17},"end":{"line":1,"column":36}},"1":{"start":{"line":3,"column":18},"end":{"line":14,"column":1}},"2":{"start":{"line":4,"column":2},"end":{"line":13,"column":3}},"3":{"start":{"line":5,"column":17},"end":{"line":8,"column":6}},"4":{"start":{"line":9,"column":4},"end":{"line":9,"column":64}},"5":{"start":{"line":11,"column":4},"end":{"line":11,"column":55}},"6":{"start":{"line":12,"column":4},"end":{"line":12,"column":20}},"7":{"start":{"line":16,"column":0},"end":{"line":16,"column":27}}},"fnMap":{"0":{"name":"(anonymous_0)","decl":{"start":{"line":3,"column":18},"end":{"line":3,"column":19}},"loc":{"start":{"line":3,"column":30},"end":{"line":14,"column":1}},"line":3}},"branchMap":{},"s":{"0":0,"1":0,"2":0,"3":0,"4":0,"5":0,"6":0,"7":0},"f":{"0":0},"b":{}}
,"C:\\Users\\solan\\OneDrive\\Bureau\\linkmind\\backend\\src\\config\\firebase.js": {"path":"C:\\Users\\solan\\OneDrive\\Bureau\\linkmind\\backend\\src\\config\\firebase.js","statementMap":{"0":{"start":{"line":2,"column":14},"end":{"line":2,"column":39}},"1":{"start":{"line":4,"column":18},"end":{"line":4,"column":22}},"2":{"start":{"line":6,"column":21},"end":{"line":31,"column":1}},"3":{"start":{"line":7,"column":2},"end":{"line":7,"column":38}},"4":{"start":{"line":7,"column":19},"end":{"line":7,"column":38}},"5":{"start":{"line":10,"column":2},"end":{"line":15,"column":3}},"6":{"start":{"line":13,"column":4},"end":{"line":13,"column":93}},"7":{"start":{"line":14,"column":4},"end":{"line":14,"column":16}},"8":{"start":{"line":17,"column":2},"end":{"line":30,"column":3}},"9":{"start":{"line":18,"column":4},"end":{"line":24,"column":7}},"10":{"start":{"line":25,"column":4},"end":{"line":25,"column":51}},"11":{"start":{"line":26,"column":4},"end":{"line":26,"column":23}},"12":{"start":{"line":28,"column":4},"end":{"line":28,"column":70}},"13":{"start":{"line":29,"column":4},"end":{"line":29,"column":16}},"14":{"start":{"line":33,"column":21},"end":{"line":36,"column":1}},"15":{"start":{"line":34,"column":14},"end":{"line":34,"column":28}},"16":{"start":{"line":35,"column":2},"end":{"line":35,"column":43}},"17":{"start":{"line":38,"column":0},"end":{"line":38,"column":48}}},"fnMap":{"0":{"name":"(anonymous_0)","decl":{"start":{"line":6,"column":21},"end":{"line":6,"column":22}},"loc":{"start":{"line":6,"column":27},"end":{"line":31,"column":1}},"line":6},"1":{"name":"(anonymous_1)","decl":{"start":{"line":33,"column":21},"end":{"line":33,"column":22}},"loc":{"start":{"line":33,"column":27},"end":{"line":36,"column":1}},"line":33}},"branchMap":{"0":{"loc":{"start":{"line":7,"column":2},"end":{"line":7,"column":38}},"type":"if","locations":[{"start":{"line":7,"column":2},"end":{"line":7,"column":38}},{"start":{},"end":{}}],"line":7},"1":{"loc":{"start":{"line":10,"column":2},"end":{"line":15,"column":3}},"type":"if","locations":[{"start":{"line":10,"column":2},"end":{"line":15,"column":3}},{"start":{},"end":{}}],"line":10},"2":{"loc":{"start":{"line":10,"column":6},"end":{"line":12,"column":39}},"type":"binary-expr","locations":[{"start":{"line":10,"column":6},"end":{"line":10,"column":38}},{"start":{"line":11,"column":6},"end":{"line":11,"column":40}},{"start":{"line":12,"column":6},"end":{"line":12,"column":39}}],"line":10},"3":{"loc":{"start":{"line":35,"column":9},"end":{"line":35,"column":42}},"type":"cond-expr","locations":[{"start":{"line":35,"column":15},"end":{"line":35,"column":35}},{"start":{"line":35,"column":38},"end":{"line":35,"column":42}}],"line":35}},"s":{"0":0,"1":0,"2":0,"3":0,"4":0,"5":0,"6":0,"7":0,"8":0,"9":0,"10":0,"11":0,"12":0,"13":0,"14":0,"15":0,"16":0,"17":0},"f":{"0":0,"1":0},"b":{"0":[0,0],"1":[0,0],"2":[0,0,0],"3":[0,0]}}
,"C:\\Users\\solan\\OneDrive\\Bureau\\linkmind\\backend\\src\\config\\sentry.js": {"path":"C:\\Users\\solan\\OneDrive\\Bureau\\linkmind\\backend\\src\\config\\sentry.js","statementMap":{"0":{"start":{"line":7,"column":15},"end":{"line":7,"column":38}},"1":{"start":{"line":8,"column":15},"end":{"line":8,"column":41}},"2":{"start":{"line":12,"column":4},"end":{"line":15,"column":5}},"3":{"start":{"line":13,"column":6},"end":{"line":13,"column":64}},"4":{"start":{"line":14,"column":6},"end":{"line":14,"column":19}},"5":{"start":{"line":17,"column":4},"end":{"line":55,"column":5}},"6":{"start":{"line":18,"column":6},"end":{"line":48,"column":9}},"7":{"start":{"line":31,"column":10},"end":{"line":43,"column":11}},"8":{"start":{"line":32,"column":26},"end":{"line":32,"column":48}},"9":{"start":{"line":35,"column":12},"end":{"line":37,"column":13}},"10":{"start":{"line":36,"column":14},"end":{"line":36,"column":26}},"11":{"start":{"line":40,"column":12},"end":{"line":42,"column":13}},"12":{"start":{"line":41,"column":14},"end":{"line":41,"column":26}},"13":{"start":{"line":45,"column":10},"end":{"line":45,"column":23}},"14":{"start":{"line":50,"column":6},"end":{"line":50,"column":43}},"15":{"start":{"line":51,"column":6},"end":{"line":51,"column":18}},"16":{"start":{"line":53,"column":6},"end":{"line":53,"column":77}},"17":{"start":{"line":54,"column":6},"end":{"line":54,"column":19}},"18":{"start":{"line":62,"column":4},"end":{"line":62,"column":44}},"19":{"start":{"line":69,"column":4},"end":{"line":77,"column":7}},"20":{"start":{"line":72,"column":8},"end":{"line":74,"column":9}},"21":{"start":{"line":73,"column":10},"end":{"line":73,"column":23}},"22":{"start":{"line":75,"column":8},"end":{"line":75,"column":20}},"23":{"start":{"line":84,"column":4},"end":{"line":86,"column":7}},"24":{"start":{"line":93,"column":4},"end":{"line":96,"column":7}},"25":{"start":{"line":103,"column":4},"end":{"line":106,"column":7}},"26":{"start":{"line":113,"column":4},"end":{"line":113,"column":25}},"27":{"start":{"line":120,"column":4},"end":{"line":125,"column":7}},"28":{"start":{"line":129,"column":0},"end":{"line":129,"column":30}}},"fnMap":{"0":{"name":"(anonymous_0)","decl":{"start":{"line":11,"column":2},"end":{"line":11,"column":3}},"loc":{"start":{"line":11,"column":22},"end":{"line":56,"column":3}},"line":11},"1":{"name":"(anonymous_1)","decl":{"start":{"line":29,"column":8},"end":{"line":29,"column":9}},"loc":{"start":{"line":29,"column":32},"end":{"line":46,"column":9}},"line":29},"2":{"name":"(anonymous_2)","decl":{"start":{"line":61,"column":2},"end":{"line":61,"column":3}},"loc":{"start":{"line":61,"column":26},"end":{"line":63,"column":3}},"line":61},"3":{"name":"(anonymous_3)","decl":{"start":{"line":68,"column":2},"end":{"line":68,"column":3}},"loc":{"start":{"line":68,"column":24},"end":{"line":78,"column":3}},"line":68},"4":{"name":"(anonymous_4)","decl":{"start":{"line":70,"column":6},"end":{"line":70,"column":7}},"loc":{"start":{"line":70,"column":31},"end":{"line":76,"column":7}},"line":70},"5":{"name":"(anonymous_5)","decl":{"start":{"line":83,"column":2},"end":{"line":83,"column":3}},"loc":{"start":{"line":83,"column":47},"end":{"line":87,"column":3}},"line":83},"6":{"name":"(anonymous_6)","decl":{"start":{"line":92,"column":2},"end":{"line":92,"column":3}},"loc":{"start":{"line":92,"column":63},"end":{"line":97,"column":3}},"line":92},"7":{"name":"(anonymous_7)","decl":{"start":{"line":102,"column":2},"end":{"line":102,"column":3}},"loc":{"start":{"line":102,"column":39},"end":{"line":107,"column":3}},"line":102},"8":{"name":"(anonymous_8)","decl":{"start":{"line":112,"column":2},"end":{"line":112,"column":3}},"loc":{"start":{"line":112,"column":21},"end":{"line":114,"column":3}},"line":112},"9":{"name":"(anonymous_9)","decl":{"start":{"line":119,"column":2},"end":{"line":119,"column":3}},"loc":{"start":{"line":119,"column":67},"end":{"line":126,"column":3}},"line":119}},"branchMap":{"0":{"loc":{"start":{"line":12,"column":4},"end":{"line":15,"column":5}},"type":"if","locations":[{"start":{"line":12,"column":4},"end":{"line":15,"column":5}},{"start":{},"end":{}}],"line":12},"1":{"loc":{"start":{"line":20,"column":21},"end":{"line":20,"column":58}},"type":"binary-expr","locations":[{"start":{"line":20,"column":21},"end":{"line":20,"column":41}},{"start":{"line":20,"column":45},"end":{"line":20,"column":58}}],"line":20},"2":{"loc":{"start":{"line":21,"column":26},"end":{"line":21,"column":75}},"type":"cond-expr","locations":[{"start":{"line":21,"column":66},"end":{"line":21,"column":69}},{"start":{"line":21,"column":72},"end":{"line":21,"column":75}}],"line":21},"3":{"loc":{"start":{"line":31,"column":10},"end":{"line":43,"column":11}},"type":"if","locations":[{"start":{"line":31,"column":10},"end":{"line":43,"column":11}},{"start":{},"end":{}}],"line":31},"4":{"loc":{"start":{"line":35,"column":12},"end":{"line":37,"column":13}},"type":"if","locations":[{"start":{"line":35,"column":12},"end":{"line":37,"column":13}},{"start":{},"end":{}}],"line":35},"5":{"loc":{"start":{"line":35,"column":16},"end":{"line":35,"column":49}},"type":"binary-expr","locations":[{"start":{"line":35,"column":16},"end":{"line":35,"column":21}},{"start":{"line":35,"column":25},"end":{"line":35,"column":49}}],"line":35},"6":{"loc":{"start":{"line":40,"column":12},"end":{"line":42,"column":13}},"type":"if","locations":[{"start":{"line":40,"column":12},"end":{"line":42,"column":13}},{"start":{},"end":{}}],"line":40},"7":{"loc":{"start":{"line":40,"column":16},"end":{"line":40,"column":49}},"type":"binary-expr","locations":[{"start":{"line":40,"column":16},"end":{"line":40,"column":21}},{"start":{"line":40,"column":25},"end":{"line":40,"column":49}}],"line":40},"8":{"loc":{"start":{"line":72,"column":8},"end":{"line":74,"column":9}},"type":"if","locations":[{"start":{"line":72,"column":8},"end":{"line":74,"column":9}},{"start":{},"end":{}}],"line":72},"9":{"loc":{"start":{"line":72,"column":12},"end":{"line":72,"column":54}},"type":"binary-expr","locations":[{"start":{"line":72,"column":12},"end":{"line":72,"column":28}},{"start":{"line":72,"column":32},"end":{"line":72,"column":54}}],"line":72},"10":{"loc":{"start":{"line":83,"column":33},"end":{"line":83,"column":45}},"type":"default-arg","locations":[{"start":{"line":83,"column":43},"end":{"line":83,"column":45}}],"line":83},"11":{"loc":{"start":{"line":92,"column":33},"end":{"line":92,"column":47}},"type":"default-arg","locations":[{"start":{"line":92,"column":41},"end":{"line":92,"column":47}}],"line":92},"12":{"loc":{"start":{"line":92,"column":49},"end":{"line":92,"column":61}},"type":"default-arg","locations":[{"start":{"line":92,"column":59},"end":{"line":92,"column":61}}],"line":92},"13":{"loc":{"start":{"line":102,"column":25},"end":{"line":102,"column":37}},"type":"default-arg","locations":[{"start":{"line":102,"column":33},"end":{"line":102,"column":37}}],"line":102},"14":{"loc":{"start":{"line":119,"column":32},"end":{"line":119,"column":49}},"type":"default-arg","locations":[{"start":{"line":119,"column":43},"end":{"line":119,"column":49}}],"line":119},"15":{"loc":{"start":{"line":119,"column":51},"end":{"line":119,"column":65}},"type":"default-arg","locations":[{"start":{"line":119,"column":59},"end":{"line":119,"column":65}}],"line":119}},"s":{"0":0,"1":0,"2":0,"3":0,"4":0,"5":0,"6":0,"7":0,"8":0,"9":0,"10":0,"11":0,"12":0,"13":0,"14":0,"15":0,"16":0,"17":0,"18":0,"19":0,"20":0,"21":0,"22":0,"23":0,"24":0,"25":0,"26":0,"27":0,"28":0},"f":{"0":0,"1":0,"2":0,"3":0,"4":0,"5":0,"6":0,"7":0,"8":0,"9":0},"b":{"0":[0,0],"1":[0,0],"2":[0,0],"3":[0,0],"4":[0,0],"5":[0,0],"6":[0,0],"7":[0,0],"8":[0,0],"9":[0,0],"10":[0],"11":[0],"12":[0],"13":[0],"14":[0],"15":[0]}}
,"C:\\Users\\solan\\OneDrive\\Bureau\\linkmind\\backend\\src\\config\\swagger.js": {"path":"C:\\Users\\solan\\OneDrive\\Bureau\\linkmind\\backend\\src\\config\\swagger.js","statementMap":{"0":{"start":{"line":7,"column":21},"end":{"line":7,"column":45}},"1":{"start":{"line":8,"column":18},"end":{"line":8,"column":47}},"2":{"start":{"line":10,"column":16},"end":{"line":101,"column":1}},"3":{"start":{"line":103,"column":14},"end":{"line":103,"column":35}},"4":{"start":{"line":110,"column":2},"end":{"line":110,"column":40}},"5":{"start":{"line":111,"column":2},"end":{"line":116,"column":6}},"6":{"start":{"line":119,"column":2},"end":{"line":122,"column":5}},"7":{"start":{"line":120,"column":4},"end":{"line":120,"column":54}},"8":{"start":{"line":121,"column":4},"end":{"line":121,"column":20}},"9":{"start":{"line":124,"column":2},"end":{"line":124,"column":15}},"10":{"start":{"line":127,"column":0},"end":{"line":130,"column":2}},"11":{"start":{"line":129,"column":15},"end":{"line":129,"column":20}}},"fnMap":{"0":{"name":"setupSwagger","decl":{"start":{"line":109,"column":9},"end":{"line":109,"column":21}},"loc":{"start":{"line":109,"column":27},"end":{"line":125,"column":1}},"line":109},"1":{"name":"(anonymous_1)","decl":{"start":{"line":119,"column":33},"end":{"line":119,"column":34}},"loc":{"start":{"line":119,"column":47},"end":{"line":122,"column":3}},"line":119},"2":{"name":"(anonymous_2)","decl":{"start":{"line":129,"column":9},"end":{"line":129,"column":10}},"loc":{"start":{"line":129,"column":15},"end":{"line":129,"column":20}},"line":129}},"branchMap":{"0":{"loc":{"start":{"line":27,"column":13},"end":{"line":27,"column":59}},"type":"binary-expr","locations":[{"start":{"line":27,"column":13},"end":{"line":27,"column":32}},{"start":{"line":27,"column":36},"end":{"line":27,"column":59}}],"line":27}},"s":{"0":0,"1":0,"2":0,"3":0,"4":0,"5":0,"6":0,"7":0,"8":0,"9":0,"10":0,"11":0},"f":{"0":0,"1":0,"2":0},"b":{"0":[0,0]}}
,"C:\\Users\\solan\\OneDrive\\Bureau\\linkmind\\backend\\src\\controllers\\ad.controller.js": {"path":"C:\\Users\\solan\\OneDrive\\Bureau\\linkmind\\backend\\src\\controllers\\ad.controller.js","statementMap":{"0":{"start":{"line":1,"column":11},"end":{"line":1,"column":40}},"1":{"start":{"line":2,"column":13},"end":{"line":2,"column":44}},"2":{"start":{"line":5,"column":0},"end":{"line":51,"column":2}},"3":{"start":{"line":6,"column":2},"end":{"line":50,"column":30}},"4":{"start":{"line":7,"column":51},"end":{"line":7,"column":60}},"5":{"start":{"line":10,"column":4},"end":{"line":12,"column":5}},"6":{"start":{"line":11,"column":6},"end":{"line":11,"column":53}},"7":{"start":{"line":14,"column":16},"end":{"line":14,"column":26}},"8":{"start":{"line":15,"column":19},"end":{"line":20,"column":5}},"9":{"start":{"line":23,"column":17},"end":{"line":23,"column":25}},"10":{"start":{"line":24,"column":4},"end":{"line":29,"column":5}},"11":{"start":{"line":25,"column":6},"end":{"line":28,"column":8}},"12":{"start":{"line":32,"column":4},"end":{"line":34,"column":5}},"13":{"start":{"line":33,"column":6},"end":{"line":33,"column":52}},"14":{"start":{"line":36,"column":18},"end":{"line":36,"column":49}},"15":{"start":{"line":37,"column":4},"end":{"line":37,"column":51}},"16":{"start":{"line":37,"column":21},"end":{"line":37,"column":51}},"17":{"start":{"line":40,"column":17},"end":{"line":40,"column":50}},"18":{"start":{"line":41,"column":15},"end":{"line":42,"column":89}},"19":{"start":{"line":44,"column":4},"end":{"line":44,"column":43}},"20":{"start":{"line":44,"column":13},"end":{"line":44,"column":43}},"21":{"start":{"line":47,"column":4},"end":{"line":47,"column":69}},"22":{"start":{"line":49,"column":4},"end":{"line":49,"column":39}},"23":{"start":{"line":50,"column":18},"end":{"line":50,"column":28}},"24":{"start":{"line":54,"column":0},"end":{"line":59,"column":2}},"25":{"start":{"line":55,"column":2},"end":{"line":58,"column":30}},"26":{"start":{"line":56,"column":4},"end":{"line":56,"column":71}},"27":{"start":{"line":57,"column":4},"end":{"line":57,"column":27}},"28":{"start":{"line":58,"column":18},"end":{"line":58,"column":28}},"29":{"start":{"line":62,"column":0},"end":{"line":67,"column":2}},"30":{"start":{"line":63,"column":2},"end":{"line":66,"column":30}},"31":{"start":{"line":64,"column":15},"end":{"line":64,"column":40}},"32":{"start":{"line":65,"column":4},"end":{"line":65,"column":33}},"33":{"start":{"line":66,"column":18},"end":{"line":66,"column":28}},"34":{"start":{"line":69,"column":0},"end":{"line":74,"column":2}},"35":{"start":{"line":70,"column":2},"end":{"line":73,"column":30}},"36":{"start":{"line":71,"column":16},"end":{"line":71,"column":55}},"37":{"start":{"line":72,"column":4},"end":{"line":72,"column":22}},"38":{"start":{"line":73,"column":18},"end":{"line":73,"column":28}},"39":{"start":{"line":76,"column":0},"end":{"line":81,"column":2}},"40":{"start":{"line":77,"column":2},"end":{"line":80,"column":30}},"41":{"start":{"line":78,"column":15},"end":{"line":78,"column":81}},"42":{"start":{"line":79,"column":4},"end":{"line":79,"column":21}},"43":{"start":{"line":80,"column":18},"end":{"line":80,"column":28}},"44":{"start":{"line":83,"column":0},"end":{"line":88,"column":2}},"45":{"start":{"line":84,"column":2},"end":{"line":87,"column":30}},"46":{"start":{"line":85,"column":4},"end":{"line":85,"column":46}},"47":{"start":{"line":86,"column":4},"end":{"line":86,"column":39}},"48":{"start":{"line":87,"column":18},"end":{"line":87,"column":28}}},"fnMap":{"0":{"name":"(anonymous_0)","decl":{"start":{"line":5,"column":16},"end":{"line":5,"column":17}},"loc":{"start":{"line":5,"column":42},"end":{"line":51,"column":1}},"line":5},"1":{"name":"(anonymous_1)","decl":{"start":{"line":54,"column":21},"end":{"line":54,"column":22}},"loc":{"start":{"line":54,"column":47},"end":{"line":59,"column":1}},"line":54},"2":{"name":"(anonymous_2)","decl":{"start":{"line":62,"column":19},"end":{"line":62,"column":20}},"loc":{"start":{"line":62,"column":45},"end":{"line":67,"column":1}},"line":62},"3":{"name":"(anonymous_3)","decl":{"start":{"line":69,"column":18},"end":{"line":69,"column":19}},"loc":{"start":{"line":69,"column":44},"end":{"line":74,"column":1}},"line":69},"4":{"name":"(anonymous_4)","decl":{"start":{"line":76,"column":19},"end":{"line":76,"column":20}},"loc":{"start":{"line":76,"column":45},"end":{"line":81,"column":1}},"line":76},"5":{"name":"(anonymous_5)","decl":{"start":{"line":83,"column":19},"end":{"line":83,"column":20}},"loc":{"start":{"line":83,"column":45},"end":{"line":88,"column":1}},"line":83}},"branchMap":{"0":{"loc":{"start":{"line":7,"column":12},"end":{"line":7,"column":40}},"type":"default-arg","locations":[{"start":{"line":7,"column":24},"end":{"line":7,"column":40}}],"line":7},"1":{"loc":{"start":{"line":10,"column":4},"end":{"line":12,"column":5}},"type":"if","locations":[{"start":{"line":10,"column":4},"end":{"line":12,"column":5}},{"start":{},"end":{}}],"line":10},"2":{"loc":{"start":{"line":24,"column":4},"end":{"line":29,"column":5}},"type":"if","locations":[{"start":{"line":24,"column":4},"end":{"line":29,"column":5}},{"start":{},"end":{}}],"line":24},"3":{"loc":{"start":{"line":32,"column":4},"end":{"line":34,"column":5}},"type":"if","locations":[{"start":{"line":32,"column":4},"end":{"line":34,"column":5}},{"start":{},"end":{}}],"line":32},"4":{"loc":{"start":{"line":37,"column":4},"end":{"line":37,"column":51}},"type":"if","locations":[{"start":{"line":37,"column":4},"end":{"line":37,"column":51}},{"start":{},"end":{}}],"line":37},"5":{"loc":{"start":{"line":44,"column":4},"end":{"line":44,"column":43}},"type":"if","locations":[{"start":{"line":44,"column":4},"end":{"line":44,"column":43}},{"start":{},"end":{}}],"line":44}},"s":{"0":0,"1":0,"2":0,"3":0,"4":0,"5":0,"6":0,"7":0,"8":0,"9":0,"10":0,"11":0,"12":0,"13":0,"14":0,"15":0,"16":0,"17":0,"18":0,"19":0,"20":0,"21":0,"22":0,"23":0,"24":0,"25":0,"26":0,"27":0,"28":0,"29":0,"30":0,"31":0,"32":0,"33":0,"34":0,"35":0,"36":0,"37":0,"38":0,"39":0,"40":0,"41":0,"42":0,"43":0,"44":0,"45":0,"46":0,"47":0,"48":0},"f":{"0":0,"1":0,"2":0,"3":0,"4":0,"5":0},"b":{"0":[0],"1":[0,0],"2":[0,0],"3":[0,0],"4":[0,0],"5":[0,0]}}
,"C:\\Users\\solan\\OneDrive\\Bureau\\linkmind\\backend\\src\\controllers\\assistant.controller.js": {"path":"C:\\Users\\solan\\OneDrive\\Bureau\\linkmind\\backend\\src\\controllers\\assistant.controller.js","statementMap":{"0":{"start":{"line":1,"column":22},"end":{"line":1,"column":59}},"1":{"start":{"line":2,"column":21},"end":{"line":2,"column":58}},"2":{"start":{"line":3,"column":13},"end":{"line":3,"column":44}},"3":{"start":{"line":4,"column":18},"end":{"line":4,"column":55}},"4":{"start":{"line":5,"column":25},"end":{"line":5,"column":69}},"5":{"start":{"line":7,"column":20},"end":{"line":7,"column":34}},"6":{"start":{"line":11,"column":16},"end":{"line":11,"column":58}},"7":{"start":{"line":13,"column":2},"end":{"line":20,"column":3}},"8":{"start":{"line":14,"column":4},"end":{"line":18,"column":7}},"9":{"start":{"line":19,"column":4},"end":{"line":19,"column":19}},"10":{"start":{"line":23,"column":23},"end":{"line":23,"column":64}},"11":{"start":{"line":24,"column":23},"end":{"line":24,"column":68}},"12":{"start":{"line":26,"column":2},"end":{"line":31,"column":3}},"13":{"start":{"line":28,"column":4},"end":{"line":28,"column":25}},"14":{"start":{"line":29,"column":4},"end":{"line":29,"column":38}},"15":{"start":{"line":30,"column":4},"end":{"line":30,"column":25}},"16":{"start":{"line":33,"column":2},"end":{"line":33,"column":17}},"17":{"start":{"line":36,"column":18},"end":{"line":39,"column":31}},"18":{"start":{"line":37,"column":2},"end":{"line":39,"column":31}},"19":{"start":{"line":44,"column":0},"end":{"line":148,"column":2}},"20":{"start":{"line":45,"column":2},"end":{"line":147,"column":3}},"21":{"start":{"line":46,"column":33},"end":{"line":46,"column":41}},"22":{"start":{"line":48,"column":4},"end":{"line":50,"column":5}},"23":{"start":{"line":49,"column":6},"end":{"line":49,"column":73}},"24":{"start":{"line":52,"column":4},"end":{"line":54,"column":5}},"25":{"start":{"line":53,"column":6},"end":{"line":53,"column":80}},"26":{"start":{"line":56,"column":19},"end":{"line":56,"column":42}},"27":{"start":{"line":59,"column":17},"end":{"line":59,"column":44}},"28":{"start":{"line":60,"column":24},"end":{"line":60,"column":68}},"29":{"start":{"line":62,"column":4},"end":{"line":85,"column":5}},"30":{"start":{"line":63,"column":20},"end":{"line":63,"column":30}},"31":{"start":{"line":64,"column":23},"end":{"line":64,"column":93}},"32":{"start":{"line":66,"column":27},"end":{"line":68,"column":11}},"33":{"start":{"line":70,"column":6},"end":{"line":78,"column":7}},"34":{"start":{"line":71,"column":8},"end":{"line":77,"column":11}},"35":{"start":{"line":81,"column":6},"end":{"line":84,"column":9}},"36":{"start":{"line":88,"column":20},"end":{"line":88,"column":44}},"37":{"start":{"line":91,"column":21},"end":{"line":91,"column":93}},"38":{"start":{"line":94,"column":4},"end":{"line":94,"column":68}},"39":{"start":{"line":95,"column":4},"end":{"line":95,"column":75}},"40":{"start":{"line":96,"column":4},"end":{"line":96,"column":38}},"41":{"start":{"line":99,"column":4},"end":{"line":101,"column":5}},"42":{"start":{"line":100,"column":6},"end":{"line":100,"column":51}},"43":{"start":{"line":103,"column":4},"end":{"line":103,"column":25}},"44":{"start":{"line":106,"column":24},"end":{"line":106,"column":110}},"45":{"start":{"line":107,"column":19},"end":{"line":107,"column":29}},"46":{"start":{"line":108,"column":22},"end":{"line":108,"column":106}},"47":{"start":{"line":109,"column":22},"end":{"line":110,"column":41}},"48":{"start":{"line":112,"column":4},"end":{"line":125,"column":7}},"49":{"start":{"line":127,"column":22},"end":{"line":127,"column":99}},"50":{"start":{"line":128,"column":20},"end":{"line":128,"column":86}},"51":{"start":{"line":130,"column":28},"end":{"line":134,"column":87}},"52":{"start":{"line":136,"column":4},"end":{"line":146,"column":7}},"53":{"start":{"line":154,"column":0},"end":{"line":158,"column":2}},"54":{"start":{"line":155,"column":17},"end":{"line":155,"column":40}},"55":{"start":{"line":156,"column":2},"end":{"line":156,"column":54}},"56":{"start":{"line":157,"column":2},"end":{"line":157,"column":69}}},"fnMap":{"0":{"name":"getSession","decl":{"start":{"line":10,"column":15},"end":{"line":10,"column":25}},"loc":{"start":{"line":10,"column":34},"end":{"line":34,"column":1}},"line":10},"1":{"name":"(anonymous_1)","decl":{"start":{"line":36,"column":18},"end":{"line":36,"column":19}},"loc":{"start":{"line":37,"column":2},"end":{"line":39,"column":31}},"line":37},"2":{"name":"(anonymous_2)","decl":{"start":{"line":44,"column":15},"end":{"line":44,"column":16}},"loc":{"start":{"line":44,"column":41},"end":{"line":148,"column":1}},"line":44},"3":{"name":"(anonymous_3)","decl":{"start":{"line":154,"column":23},"end":{"line":154,"column":24}},"loc":{"start":{"line":154,"column":43},"end":{"line":158,"column":1}},"line":154}},"branchMap":{"0":{"loc":{"start":{"line":13,"column":2},"end":{"line":20,"column":3}},"type":"if","locations":[{"start":{"line":13,"column":2},"end":{"line":20,"column":3}},{"start":{},"end":{}}],"line":13},"1":{"loc":{"start":{"line":23,"column":23},"end":{"line":23,"column":64}},"type":"binary-expr","locations":[{"start":{"line":23,"column":23},"end":{"line":23,"column":43}},{"start":{"line":23,"column":47},"end":{"line":23,"column":64}}],"line":23},"2":{"loc":{"start":{"line":26,"column":2},"end":{"line":31,"column":3}},"type":"if","locations":[{"start":{"line":26,"column":2},"end":{"line":31,"column":3}},{"start":{},"end":{}}],"line":26},"3":{"loc":{"start":{"line":37,"column":2},"end":{"line":39,"column":31}},"type":"binary-expr","locations":[{"start":{"line":37,"column":2},"end":{"line":37,"column":39}},{"start":{"line":38,"column":2},"end":{"line":38,"column":33}},{"start":{"line":39,"column":2},"end":{"line":39,"column":31}}],"line":37},"4":{"loc":{"start":{"line":48,"column":4},"end":{"line":50,"column":5}},"type":"if","locations":[{"start":{"line":48,"column":4},"end":{"line":50,"column":5}},{"start":{},"end":{}}],"line":48},"5":{"loc":{"start":{"line":48,"column":8},"end":{"line":48,"column":47}},"type":"binary-expr","locations":[{"start":{"line":48,"column":8},"end":{"line":48,"column":16}},{"start":{"line":48,"column":20},"end":{"line":48,"column":47}}],"line":48},"6":{"loc":{"start":{"line":52,"column":4},"end":{"line":54,"column":5}},"type":"if","locations":[{"start":{"line":52,"column":4},"end":{"line":54,"column":5}},{"start":{},"end":{}}],"line":52},"7":{"loc":{"start":{"line":62,"column":4},"end":{"line":85,"column":5}},"type":"if","locations":[{"start":{"line":62,"column":4},"end":{"line":85,"column":5}},{"start":{},"end":{}}],"line":62},"8":{"loc":{"start":{"line":64,"column":23},"end":{"line":64,"column":93}},"type":"cond-expr","locations":[{"start":{"line":64,"column":51},"end":{"line":64,"column":86}},{"start":{"line":64,"column":89},"end":{"line":64,"column":93}}],"line":64},"9":{"loc":{"start":{"line":66,"column":27},"end":{"line":68,"column":11}},"type":"cond-expr","locations":[{"start":{"line":67,"column":10},"end":{"line":67,"column":32}},{"start":{"line":68,"column":10},"end":{"line":68,"column":11}}],"line":66},"10":{"loc":{"start":{"line":66,"column":28},"end":{"line":66,"column":66}},"type":"binary-expr","locations":[{"start":{"line":66,"column":28},"end":{"line":66,"column":36}},{"start":{"line":66,"column":40},"end":{"line":66,"column":66}}],"line":66},"11":{"loc":{"start":{"line":70,"column":6},"end":{"line":78,"column":7}},"type":"if","locations":[{"start":{"line":70,"column":6},"end":{"line":78,"column":7}},{"start":{},"end":{}}],"line":70},"12":{"loc":{"start":{"line":91,"column":79},"end":{"line":91,"column":92}},"type":"binary-expr","locations":[{"start":{"line":91,"column":79},"end":{"line":91,"column":86}},{"start":{"line":91,"column":90},"end":{"line":91,"column":92}}],"line":91},"13":{"loc":{"start":{"line":99,"column":4},"end":{"line":101,"column":5}},"type":"if","locations":[{"start":{"line":99,"column":4},"end":{"line":101,"column":5}},{"start":{},"end":{}}],"line":99},"14":{"loc":{"start":{"line":108,"column":22},"end":{"line":108,"column":106}},"type":"cond-expr","locations":[{"start":{"line":108,"column":57},"end":{"line":108,"column":99}},{"start":{"line":108,"column":102},"end":{"line":108,"column":106}}],"line":108},"15":{"loc":{"start":{"line":109,"column":22},"end":{"line":110,"column":41}},"type":"cond-expr","locations":[{"start":{"line":110,"column":8},"end":{"line":110,"column":37}},{"start":{"line":110,"column":40},"end":{"line":110,"column":41}}],"line":109},"16":{"loc":{"start":{"line":109,"column":23},"end":{"line":109,"column":90}},"type":"binary-expr","locations":[{"start":{"line":109,"column":23},"end":{"line":109,"column":45}},{"start":{"line":109,"column":49},"end":{"line":109,"column":58}},{"start":{"line":109,"column":62},"end":{"line":109,"column":90}}],"line":109},"17":{"loc":{"start":{"line":121,"column":22},"end":{"line":121,"column":62}},"type":"cond-expr","locations":[{"start":{"line":121,"column":46},"end":{"line":121,"column":50}},{"start":{"line":121,"column":53},"end":{"line":121,"column":62}}],"line":121},"18":{"loc":{"start":{"line":122,"column":23},"end":{"line":122,"column":65}},"type":"cond-expr","locations":[{"start":{"line":122,"column":47},"end":{"line":122,"column":51}},{"start":{"line":122,"column":54},"end":{"line":122,"column":65}}],"line":122},"19":{"loc":{"start":{"line":127,"column":22},"end":{"line":127,"column":99}},"type":"binary-expr","locations":[{"start":{"line":127,"column":22},"end":{"line":127,"column":61}},{"start":{"line":127,"column":65},"end":{"line":127,"column":99}}],"line":127},"20":{"loc":{"start":{"line":128,"column":20},"end":{"line":128,"column":86}},"type":"binary-expr","locations":[{"start":{"line":128,"column":20},"end":{"line":128,"column":52}},{"start":{"line":128,"column":56},"end":{"line":128,"column":86}}],"line":128},"21":{"loc":{"start":{"line":130,"column":28},"end":{"line":134,"column":87}},"type":"cond-expr","locations":[{"start":{"line":131,"column":8},"end":{"line":131,"column":120}},{"start":{"line":132,"column":8},"end":{"line":134,"column":87}}],"line":130},"22":{"loc":{"start":{"line":132,"column":8},"end":{"line":134,"column":87}},"type":"cond-expr","locations":[{"start":{"line":133,"column":8},"end":{"line":133,"column":82}},{"start":{"line":134,"column":8},"end":{"line":134,"column":87}}],"line":132}},"s":{"0":0,"1":0,"2":0,"3":0,"4":0,"5":0,"6":0,"7":0,"8":0,"9":0,"10":0,"11":0,"12":0,"13":0,"14":0,"15":0,"16":0,"17":0,"18":0,"19":0,"20":0,"21":0,"22":0,"23":0,"24":0,"25":0,"26":0,"27":0,"28":0,"29":0,"30":0,"31":0,"32":0,"33":0,"34":0,"35":0,"36":0,"37":0,"38":0,"39":0,"40":0,"41":0,"42":0,"43":0,"44":0,"45":0,"46":0,"47":0,"48":0,"49":0,"50":0,"51":0,"52":0,"53":0,"54":0,"55":0,"56":0},"f":{"0":0,"1":0,"2":0,"3":0},"b":{"0":[0,0],"1":[0,0],"2":[0,0],"3":[0,0,0],"4":[0,0],"5":[0,0],"6":[0,0],"7":[0,0],"8":[0,0],"9":[0,0],"10":[0,0],"11":[0,0],"12":[0,0],"13":[0,0],"14":[0,0],"15":[0,0],"16":[0,0,0],"17":[0,0],"18":[0,0],"19":[0,0],"20":[0,0],"21":[0,0],"22":[0,0]}}
,"C:\\Users\\solan\\OneDrive\\Bureau\\linkmind\\backend\\src\\controllers\\auth.controller.js": {"path":"C:\\Users\\solan\\OneDrive\\Bureau\\linkmind\\backend\\src\\controllers\\auth.controller.js","statementMap":{"0":{"start":{"line":1,"column":12},"end":{"line":1,"column":35}},"1":{"start":{"line":2,"column":29},"end":{"line":2,"column":57}},"2":{"start":{"line":3,"column":13},"end":{"line":3,"column":44}},"3":{"start":{"line":4,"column":21},"end":{"line":4,"column":58}},"4":{"start":{"line":5,"column":32},"end":{"line":5,"column":68}},"5":{"start":{"line":8,"column":23},"end":{"line":8,"column":64}},"6":{"start":{"line":8,"column":30},"end":{"line":8,"column":64}},"7":{"start":{"line":10,"column":23},"end":{"line":18,"column":1}},"8":{"start":{"line":11,"column":22},"end":{"line":13,"column":4}},"9":{"start":{"line":14,"column":23},"end":{"line":16,"column":4}},"10":{"start":{"line":17,"column":2},"end":{"line":17,"column":39}},"11":{"start":{"line":21,"column":22},"end":{"line":38,"column":2}},"12":{"start":{"line":21,"column":33},"end":{"line":38,"column":1}},"13":{"start":{"line":41,"column":0},"end":{"line":111,"column":2}},"14":{"start":{"line":42,"column":2},"end":{"line":110,"column":3}},"15":{"start":{"line":43,"column":19},"end":{"line":43,"column":40}},"16":{"start":{"line":44,"column":4},"end":{"line":48,"column":5}},"17":{"start":{"line":45,"column":6},"end":{"line":45,"column":62}},"18":{"start":{"line":46,"column":6},"end":{"line":46,"column":72}},"19":{"start":{"line":47,"column":6},"end":{"line":47,"column":91}},"20":{"start":{"line":51,"column":41},"end":{"line":51,"column":49}},"21":{"start":{"line":53,"column":17},"end":{"line":53,"column":70}},"22":{"start":{"line":55,"column":4},"end":{"line":55,"column":54}},"23":{"start":{"line":55,"column":15},"end":{"line":55,"column":54}},"24":{"start":{"line":56,"column":22},"end":{"line":56,"column":36}},"25":{"start":{"line":58,"column":4},"end":{"line":60,"column":5}},"26":{"start":{"line":59,"column":6},"end":{"line":59,"column":95}},"27":{"start":{"line":62,"column":4},"end":{"line":65,"column":5}},"28":{"start":{"line":63,"column":28},"end":{"line":63,"column":57}},"29":{"start":{"line":64,"column":6},"end":{"line":64,"column":95}},"30":{"start":{"line":64,"column":25},"end":{"line":64,"column":95}},"31":{"start":{"line":67,"column":4},"end":{"line":70,"column":5}},"32":{"start":{"line":68,"column":28},"end":{"line":68,"column":57}},"33":{"start":{"line":69,"column":6},"end":{"line":69,"column":95}},"34":{"start":{"line":69,"column":25},"end":{"line":69,"column":95}},"35":{"start":{"line":72,"column":4},"end":{"line":77,"column":5}},"36":{"start":{"line":73,"column":28},"end":{"line":73,"column":89}},"37":{"start":{"line":74,"column":6},"end":{"line":76,"column":7}},"38":{"start":{"line":75,"column":8},"end":{"line":75,"column":96}},"39":{"start":{"line":79,"column":17},"end":{"line":92,"column":6}},"40":{"start":{"line":94,"column":42},"end":{"line":94,"column":66}},"41":{"start":{"line":95,"column":4},"end":{"line":95,"column":37}},"42":{"start":{"line":96,"column":4},"end":{"line":96,"column":51}},"43":{"start":{"line":99,"column":4},"end":{"line":99,"column":90}},"44":{"start":{"line":100,"column":4},"end":{"line":100,"column":22}},"45":{"start":{"line":102,"column":4},"end":{"line":107,"column":7}},"46":{"start":{"line":109,"column":4},"end":{"line":109,"column":16}},"47":{"start":{"line":114,"column":0},"end":{"line":195,"column":2}},"48":{"start":{"line":115,"column":2},"end":{"line":194,"column":3}},"49":{"start":{"line":116,"column":39},"end":{"line":116,"column":47}},"50":{"start":{"line":118,"column":4},"end":{"line":120,"column":5}},"51":{"start":{"line":119,"column":6},"end":{"line":119,"column":90}},"52":{"start":{"line":122,"column":18},"end":{"line":122,"column":91}},"53":{"start":{"line":123,"column":17},"end":{"line":123,"column":114}},"54":{"start":{"line":126,"column":4},"end":{"line":134,"column":5}},"55":{"start":{"line":127,"column":31},"end":{"line":127,"column":105}},"56":{"start":{"line":128,"column":6},"end":{"line":133,"column":9}},"57":{"start":{"line":136,"column":4},"end":{"line":151,"column":5}},"58":{"start":{"line":138,"column":6},"end":{"line":149,"column":7}},"59":{"start":{"line":139,"column":8},"end":{"line":139,"column":59}},"60":{"start":{"line":140,"column":8},"end":{"line":140,"column":43}},"61":{"start":{"line":143,"column":8},"end":{"line":147,"column":9}},"62":{"start":{"line":144,"column":10},"end":{"line":144,"column":31}},"63":{"start":{"line":145,"column":10},"end":{"line":145,"column":67}},"64":{"start":{"line":146,"column":10},"end":{"line":146,"column":96}},"65":{"start":{"line":148,"column":8},"end":{"line":148,"column":55}},"66":{"start":{"line":150,"column":6},"end":{"line":150,"column":71}},"67":{"start":{"line":153,"column":4},"end":{"line":155,"column":5}},"68":{"start":{"line":154,"column":6},"end":{"line":154,"column":68}},"69":{"start":{"line":158,"column":4},"end":{"line":158,"column":27}},"70":{"start":{"line":159,"column":4},"end":{"line":159,"column":26}},"71":{"start":{"line":160,"column":4},"end":{"line":160,"column":28}},"72":{"start":{"line":161,"column":4},"end":{"line":161,"column":35}},"73":{"start":{"line":163,"column":42},"end":{"line":163,"column":66}},"74":{"start":{"line":164,"column":4},"end":{"line":164,"column":37}},"75":{"start":{"line":165,"column":4},"end":{"line":165,"column":24}},"76":{"start":{"line":166,"column":4},"end":{"line":166,"column":51}},"77":{"start":{"line":169,"column":4},"end":{"line":169,"column":87}},"78":{"start":{"line":170,"column":4},"end":{"line":170,"column":22}},"79":{"start":{"line":173,"column":20},"end":{"line":173,"column":22}},"80":{"start":{"line":174,"column":4},"end":{"line":183,"column":5}},"81":{"start":{"line":176,"column":26},"end":{"line":176,"column":55}},"82":{"start":{"line":177,"column":6},"end":{"line":177,"column":57}},"83":{"start":{"line":178,"column":6},"end":{"line":180,"column":7}},"84":{"start":{"line":179,"column":8},"end":{"line":179,"column":103}},"85":{"start":{"line":179,"column":81},"end":{"line":179,"column":87}},"86":{"start":{"line":182,"column":6},"end":{"line":182,"column":70}},"87":{"start":{"line":185,"column":4},"end":{"line":191,"column":7}},"88":{"start":{"line":193,"column":4},"end":{"line":193,"column":16}},"89":{"start":{"line":198,"column":0},"end":{"line":224,"column":2}},"90":{"start":{"line":199,"column":2},"end":{"line":223,"column":3}},"91":{"start":{"line":200,"column":29},"end":{"line":200,"column":37}},"92":{"start":{"line":201,"column":4},"end":{"line":203,"column":5}},"93":{"start":{"line":202,"column":6},"end":{"line":202,"column":71}},"94":{"start":{"line":205,"column":20},"end":{"line":205,"column":68}},"95":{"start":{"line":206,"column":17},"end":{"line":206,"column":72}},"96":{"start":{"line":208,"column":4},"end":{"line":210,"column":5}},"97":{"start":{"line":209,"column":6},"end":{"line":209,"column":70}},"98":{"start":{"line":212,"column":19},"end":{"line":212,"column":43}},"99":{"start":{"line":213,"column":4},"end":{"line":213,"column":44}},"100":{"start":{"line":214,"column":4},"end":{"line":214,"column":35}},"101":{"start":{"line":215,"column":4},"end":{"line":215,"column":51}},"102":{"start":{"line":217,"column":4},"end":{"line":217,"column":21}},"103":{"start":{"line":219,"column":4},"end":{"line":221,"column":5}},"104":{"start":{"line":220,"column":6},"end":{"line":220,"column":90}},"105":{"start":{"line":222,"column":4},"end":{"line":222,"column":16}},"106":{"start":{"line":227,"column":0},"end":{"line":235,"column":2}},"107":{"start":{"line":228,"column":2},"end":{"line":234,"column":3}},"108":{"start":{"line":229,"column":4},"end":{"line":229,"column":33}},"109":{"start":{"line":230,"column":4},"end":{"line":230,"column":55}},"110":{"start":{"line":231,"column":4},"end":{"line":231,"column":53}},"111":{"start":{"line":233,"column":4},"end":{"line":233,"column":16}},"112":{"start":{"line":238,"column":0},"end":{"line":258,"column":2}},"113":{"start":{"line":239,"column":2},"end":{"line":257,"column":3}},"114":{"start":{"line":240,"column":45},"end":{"line":240,"column":53}},"115":{"start":{"line":241,"column":17},"end":{"line":241,"column":70}},"116":{"start":{"line":243,"column":4},"end":{"line":245,"column":5}},"117":{"start":{"line":244,"column":6},"end":{"line":244,"column":78}},"118":{"start":{"line":247,"column":4},"end":{"line":249,"column":5}},"119":{"start":{"line":248,"column":6},"end":{"line":248,"column":91}},"120":{"start":{"line":251,"column":4},"end":{"line":251,"column":32}},"121":{"start":{"line":252,"column":4},"end":{"line":252,"column":22}},"122":{"start":{"line":254,"column":4},"end":{"line":254,"column":59}},"123":{"start":{"line":256,"column":4},"end":{"line":256,"column":16}},"124":{"start":{"line":261,"column":20},"end":{"line":261,"column":80}},"125":{"start":{"line":261,"column":26},"end":{"line":261,"column":80}},"126":{"start":{"line":264,"column":16},"end":{"line":270,"column":1}},"127":{"start":{"line":265,"column":2},"end":{"line":269,"column":3}},"128":{"start":{"line":266,"column":4},"end":{"line":266,"column":57}},"129":{"start":{"line":268,"column":4},"end":{"line":268,"column":55}},"130":{"start":{"line":273,"column":0},"end":{"line":299,"column":2}},"131":{"start":{"line":274,"column":2},"end":{"line":298,"column":30}},"132":{"start":{"line":275,"column":19},"end":{"line":275,"column":40}},"133":{"start":{"line":276,"column":4},"end":{"line":276,"column":89}},"134":{"start":{"line":276,"column":27},"end":{"line":276,"column":89}},"135":{"start":{"line":278,"column":27},"end":{"line":278,"column":35}},"136":{"start":{"line":279,"column":20},"end":{"line":279,"column":44}},"137":{"start":{"line":281,"column":18},"end":{"line":281,"column":87}},"138":{"start":{"line":282,"column":17},"end":{"line":282,"column":81}},"139":{"start":{"line":283,"column":4},"end":{"line":283,"column":99}},"140":{"start":{"line":283,"column":15},"end":{"line":283,"column":99}},"141":{"start":{"line":285,"column":16},"end":{"line":285,"column":29}},"142":{"start":{"line":286,"column":4},"end":{"line":286,"column":26}},"143":{"start":{"line":287,"column":4},"end":{"line":287,"column":60}},"144":{"start":{"line":288,"column":4},"end":{"line":288,"column":48}},"145":{"start":{"line":289,"column":4},"end":{"line":289,"column":51}},"146":{"start":{"line":291,"column":4},"end":{"line":291,"column":52}},"147":{"start":{"line":293,"column":4},"end":{"line":297,"column":7}},"148":{"start":{"line":298,"column":18},"end":{"line":298,"column":28}},"149":{"start":{"line":302,"column":0},"end":{"line":315,"column":2}},"150":{"start":{"line":303,"column":2},"end":{"line":314,"column":30}},"151":{"start":{"line":304,"column":32},"end":{"line":304,"column":40}},"152":{"start":{"line":305,"column":20},"end":{"line":305,"column":44}},"153":{"start":{"line":306,"column":20},"end":{"line":306,"column":89}},"154":{"start":{"line":308,"column":17},"end":{"line":308,"column":69}},"155":{"start":{"line":309,"column":4},"end":{"line":309,"column":77}},"156":{"start":{"line":309,"column":15},"end":{"line":309,"column":77}},"157":{"start":{"line":310,"column":4},"end":{"line":310,"column":97}},"158":{"start":{"line":310,"column":39},"end":{"line":310,"column":97}},"159":{"start":{"line":311,"column":4},"end":{"line":311,"column":116}},"160":{"start":{"line":311,"column":38},"end":{"line":311,"column":116}},"161":{"start":{"line":313,"column":4},"end":{"line":313,"column":55}},"162":{"start":{"line":314,"column":18},"end":{"line":314,"column":28}},"163":{"start":{"line":318,"column":0},"end":{"line":339,"column":2}},"164":{"start":{"line":319,"column":2},"end":{"line":338,"column":30}},"165":{"start":{"line":320,"column":19},"end":{"line":320,"column":40}},"166":{"start":{"line":321,"column":4},"end":{"line":321,"column":89}},"167":{"start":{"line":321,"column":27},"end":{"line":321,"column":89}},"168":{"start":{"line":323,"column":45},"end":{"line":323,"column":53}},"169":{"start":{"line":324,"column":20},"end":{"line":324,"column":44}},"170":{"start":{"line":325,"column":20},"end":{"line":325,"column":89}},"171":{"start":{"line":327,"column":17},"end":{"line":327,"column":69}},"172":{"start":{"line":328,"column":4},"end":{"line":328,"column":77}},"173":{"start":{"line":328,"column":15},"end":{"line":328,"column":77}},"174":{"start":{"line":329,"column":4},"end":{"line":329,"column":97}},"175":{"start":{"line":329,"column":39},"end":{"line":329,"column":97}},"176":{"start":{"line":330,"column":4},"end":{"line":330,"column":93}},"177":{"start":{"line":330,"column":38},"end":{"line":330,"column":93}},"178":{"start":{"line":332,"column":4},"end":{"line":332,"column":34}},"179":{"start":{"line":333,"column":4},"end":{"line":333,"column":27}},"180":{"start":{"line":334,"column":4},"end":{"line":334,"column":27}},"181":{"start":{"line":335,"column":4},"end":{"line":335,"column":22}},"182":{"start":{"line":337,"column":4},"end":{"line":337,"column":68}},"183":{"start":{"line":338,"column":18},"end":{"line":338,"column":28}}},"fnMap":{"0":{"name":"(anonymous_0)","decl":{"start":{"line":8,"column":23},"end":{"line":8,"column":24}},"loc":{"start":{"line":8,"column":30},"end":{"line":8,"column":64}},"line":8},"1":{"name":"(anonymous_1)","decl":{"start":{"line":10,"column":23},"end":{"line":10,"column":24}},"loc":{"start":{"line":10,"column":35},"end":{"line":18,"column":1}},"line":10},"2":{"name":"(anonymous_2)","decl":{"start":{"line":21,"column":22},"end":{"line":21,"column":23}},"loc":{"start":{"line":21,"column":33},"end":{"line":38,"column":1}},"line":21},"3":{"name":"(anonymous_3)","decl":{"start":{"line":41,"column":19},"end":{"line":41,"column":20}},"loc":{"start":{"line":41,"column":45},"end":{"line":111,"column":1}},"line":41},"4":{"name":"(anonymous_4)","decl":{"start":{"line":114,"column":16},"end":{"line":114,"column":17}},"loc":{"start":{"line":114,"column":42},"end":{"line":195,"column":1}},"line":114},"5":{"name":"(anonymous_5)","decl":{"start":{"line":179,"column":76},"end":{"line":179,"column":77}},"loc":{"start":{"line":179,"column":81},"end":{"line":179,"column":87}},"line":179},"6":{"name":"(anonymous_6)","decl":{"start":{"line":198,"column":23},"end":{"line":198,"column":24}},"loc":{"start":{"line":198,"column":49},"end":{"line":224,"column":1}},"line":198},"7":{"name":"(anonymous_7)","decl":{"start":{"line":227,"column":17},"end":{"line":227,"column":18}},"loc":{"start":{"line":227,"column":43},"end":{"line":235,"column":1}},"line":227},"8":{"name":"(anonymous_8)","decl":{"start":{"line":238,"column":25},"end":{"line":238,"column":26}},"loc":{"start":{"line":238,"column":51},"end":{"line":258,"column":1}},"line":238},"9":{"name":"(anonymous_9)","decl":{"start":{"line":261,"column":20},"end":{"line":261,"column":21}},"loc":{"start":{"line":261,"column":26},"end":{"line":261,"column":80}},"line":261},"10":{"name":"(anonymous_10)","decl":{"start":{"line":264,"column":16},"end":{"line":264,"column":17}},"loc":{"start":{"line":264,"column":53},"end":{"line":270,"column":1}},"line":264},"11":{"name":"(anonymous_11)","decl":{"start":{"line":273,"column":25},"end":{"line":273,"column":26}},"loc":{"start":{"line":273,"column":51},"end":{"line":299,"column":1}},"line":273},"12":{"name":"(anonymous_12)","decl":{"start":{"line":302,"column":20},"end":{"line":302,"column":21}},"loc":{"start":{"line":302,"column":46},"end":{"line":315,"column":1}},"line":302},"13":{"name":"(anonymous_13)","decl":{"start":{"line":318,"column":24},"end":{"line":318,"column":25}},"loc":{"start":{"line":318,"column":50},"end":{"line":339,"column":1}},"line":318}},"branchMap":{"0":{"loc":{"start":{"line":8,"column":30},"end":{"line":8,"column":64}},"type":"cond-expr","locations":[{"start":{"line":8,"column":34},"end":{"line":8,"column":60}},{"start":{"line":8,"column":63},"end":{"line":8,"column":64}}],"line":8},"1":{"loc":{"start":{"line":12,"column":15},"end":{"line":12,"column":49}},"type":"binary-expr","locations":[{"start":{"line":12,"column":15},"end":{"line":12,"column":41}},{"start":{"line":12,"column":45},"end":{"line":12,"column":49}}],"line":12},"2":{"loc":{"start":{"line":15,"column":15},"end":{"line":15,"column":58}},"type":"binary-expr","locations":[{"start":{"line":15,"column":15},"end":{"line":15,"column":49}},{"start":{"line":15,"column":53},"end":{"line":15,"column":58}}],"line":15},"3":{"loc":{"start":{"line":23,"column":8},"end":{"line":23,"column":93}},"type":"binary-expr","locations":[{"start":{"line":23,"column":8},"end":{"line":23,"column":17}},{"start":{"line":23,"column":21},"end":{"line":23,"column":76}},{"start":{"line":23,"column":80},"end":{"line":23,"column":93}}],"line":23},"4":{"loc":{"start":{"line":23,"column":24},"end":{"line":23,"column":44}},"type":"binary-expr","locations":[{"start":{"line":23,"column":24},"end":{"line":23,"column":38}},{"start":{"line":23,"column":42},"end":{"line":23,"column":44}}],"line":23},"5":{"loc":{"start":{"line":23,"column":48},"end":{"line":23,"column":67}},"type":"binary-expr","locations":[{"start":{"line":23,"column":48},"end":{"line":23,"column":61}},{"start":{"line":23,"column":65},"end":{"line":23,"column":67}}],"line":23},"6":{"loc":{"start":{"line":24,"column":13},"end":{"line":24,"column":35}},"type":"binary-expr","locations":[{"start":{"line":24,"column":13},"end":{"line":24,"column":27}},{"start":{"line":24,"column":31},"end":{"line":24,"column":35}}],"line":24},"7":{"loc":{"start":{"line":25,"column":13},"end":{"line":25,"column":35}},"type":"binary-expr","locations":[{"start":{"line":25,"column":13},"end":{"line":25,"column":26}},{"start":{"line":25,"column":31},"end":{"line":25,"column":35}}],"line":25},"8":{"loc":{"start":{"line":26,"column":13},"end":{"line":26,"column":35}},"type":"binary-expr","locations":[{"start":{"line":26,"column":13},"end":{"line":26,"column":23}},{"start":{"line":26,"column":31},"end":{"line":26,"column":35}}],"line":26},"9":{"loc":{"start":{"line":27,"column":13},"end":{"line":27,"column":35}},"type":"binary-expr","locations":[{"start":{"line":27,"column":13},"end":{"line":27,"column":23}},{"start":{"line":27,"column":31},"end":{"line":27,"column":35}}],"line":27},"10":{"loc":{"start":{"line":28,"column":13},"end":{"line":28,"column":35}},"type":"binary-expr","locations":[{"start":{"line":28,"column":13},"end":{"line":28,"column":21}},{"start":{"line":28,"column":31},"end":{"line":28,"column":35}}],"line":28},"11":{"loc":{"start":{"line":29,"column":13},"end":{"line":29,"column":35}},"type":"binary-expr","locations":[{"start":{"line":29,"column":13},"end":{"line":29,"column":22}},{"start":{"line":29,"column":31},"end":{"line":29,"column":35}}],"line":29},"12":{"loc":{"start":{"line":30,"column":13},"end":{"line":30,"column":35}},"type":"binary-expr","locations":[{"start":{"line":30,"column":13},"end":{"line":30,"column":24}},{"start":{"line":30,"column":31},"end":{"line":30,"column":35}}],"line":30},"13":{"loc":{"start":{"line":32,"column":18},"end":{"line":32,"column":45}},"type":"binary-expr","locations":[{"start":{"line":32,"column":18},"end":{"line":32,"column":37}},{"start":{"line":32,"column":41},"end":{"line":32,"column":45}}],"line":32},"14":{"loc":{"start":{"line":44,"column":4},"end":{"line":48,"column":5}},"type":"if","locations":[{"start":{"line":44,"column":4},"end":{"line":48,"column":5}},{"start":{},"end":{}}],"line":44},"15":{"loc":{"start":{"line":53,"column":17},"end":{"line":53,"column":70}},"type":"binary-expr","locations":[{"start":{"line":53,"column":17},"end":{"line":53,"column":62}},{"start":{"line":53,"column":66},"end":{"line":53,"column":70}}],"line":53},"16":{"loc":{"start":{"line":53,"column":20},"end":{"line":53,"column":35}},"type":"binary-expr","locations":[{"start":{"line":53,"column":20},"end":{"line":53,"column":29}},{"start":{"line":53,"column":33},"end":{"line":53,"column":35}}],"line":53},"17":{"loc":{"start":{"line":53,"column":39},"end":{"line":53,"column":53}},"type":"binary-expr","locations":[{"start":{"line":53,"column":39},"end":{"line":53,"column":47}},{"start":{"line":53,"column":51},"end":{"line":53,"column":53}}],"line":53},"18":{"loc":{"start":{"line":55,"column":4},"end":{"line":55,"column":54}},"type":"if","locations":[{"start":{"line":55,"column":4},"end":{"line":55,"column":54}},{"start":{},"end":{}}],"line":55},"19":{"loc":{"start":{"line":58,"column":4},"end":{"line":60,"column":5}},"type":"if","locations":[{"start":{"line":58,"column":4},"end":{"line":60,"column":5}},{"start":{},"end":{}}],"line":58},"20":{"loc":{"start":{"line":58,"column":8},"end":{"line":58,"column":24}},"type":"binary-expr","locations":[{"start":{"line":58,"column":8},"end":{"line":58,"column":14}},{"start":{"line":58,"column":18},"end":{"line":58,"column":24}}],"line":58},"21":{"loc":{"start":{"line":62,"column":4},"end":{"line":65,"column":5}},"type":"if","locations":[{"start":{"line":62,"column":4},"end":{"line":65,"column":5}},{"start":{},"end":{}}],"line":62},"22":{"loc":{"start":{"line":64,"column":6},"end":{"line":64,"column":95}},"type":"if","locations":[{"start":{"line":64,"column":6},"end":{"line":64,"column":95}},{"start":{},"end":{}}],"line":64},"23":{"loc":{"start":{"line":67,"column":4},"end":{"line":70,"column":5}},"type":"if","locations":[{"start":{"line":67,"column":4},"end":{"line":70,"column":5}},{"start":{},"end":{}}],"line":67},"24":{"loc":{"start":{"line":69,"column":6},"end":{"line":69,"column":95}},"type":"if","locations":[{"start":{"line":69,"column":6},"end":{"line":69,"column":95}},{"start":{},"end":{}}],"line":69},"25":{"loc":{"start":{"line":72,"column":4},"end":{"line":77,"column":5}},"type":"if","locations":[{"start":{"line":72,"column":4},"end":{"line":77,"column":5}},{"start":{},"end":{}}],"line":72},"26":{"loc":{"start":{"line":72,"column":8},"end":{"line":72,"column":47}},"type":"binary-expr","locations":[{"start":{"line":72,"column":8},"end":{"line":72,"column":22}},{"start":{"line":72,"column":26},"end":{"line":72,"column":47}}],"line":72},"27":{"loc":{"start":{"line":74,"column":6},"end":{"line":76,"column":7}},"type":"if","locations":[{"start":{"line":74,"column":6},"end":{"line":76,"column":7}},{"start":{},"end":{}}],"line":74},"28":{"loc":{"start":{"line":81,"column":17},"end":{"line":81,"column":42}},"type":"binary-expr","locations":[{"start":{"line":81,"column":17},"end":{"line":81,"column":34}},{"start":{"line":81,"column":38},"end":{"line":81,"column":42}}],"line":81},"29":{"loc":{"start":{"line":82,"column":17},"end":{"line":82,"column":42}},"type":"binary-expr","locations":[{"start":{"line":82,"column":17},"end":{"line":82,"column":33}},{"start":{"line":82,"column":38},"end":{"line":82,"column":42}}],"line":82},"30":{"loc":{"start":{"line":83,"column":17},"end":{"line":83,"column":52}},"type":"binary-expr","locations":[{"start":{"line":83,"column":17},"end":{"line":83,"column":44}},{"start":{"line":83,"column":48},"end":{"line":83,"column":52}}],"line":83},"31":{"loc":{"start":{"line":84,"column":17},"end":{"line":84,"column":62}},"type":"cond-expr","locations":[{"start":{"line":84,"column":25},"end":{"line":84,"column":55}},{"start":{"line":84,"column":58},"end":{"line":84,"column":62}}],"line":84},"32":{"loc":{"start":{"line":85,"column":17},"end":{"line":85,"column":29}},"type":"binary-expr","locations":[{"start":{"line":85,"column":17},"end":{"line":85,"column":20}},{"start":{"line":85,"column":25},"end":{"line":85,"column":29}}],"line":85},"33":{"loc":{"start":{"line":86,"column":17},"end":{"line":86,"column":39}},"type":"binary-expr","locations":[{"start":{"line":86,"column":17},"end":{"line":86,"column":29}},{"start":{"line":86,"column":35},"end":{"line":86,"column":39}}],"line":86},"34":{"loc":{"start":{"line":87,"column":17},"end":{"line":87,"column":39}},"type":"binary-expr","locations":[{"start":{"line":87,"column":17},"end":{"line":87,"column":23}},{"start":{"line":87,"column":35},"end":{"line":87,"column":39}}],"line":87},"35":{"loc":{"start":{"line":89,"column":22},"end":{"line":89,"column":52}},"type":"binary-expr","locations":[{"start":{"line":89,"column":22},"end":{"line":89,"column":44}},{"start":{"line":89,"column":48},"end":{"line":89,"column":52}}],"line":89},"36":{"loc":{"start":{"line":118,"column":4},"end":{"line":120,"column":5}},"type":"if","locations":[{"start":{"line":118,"column":4},"end":{"line":120,"column":5}},{"start":{},"end":{}}],"line":118},"37":{"loc":{"start":{"line":118,"column":8},"end":{"line":118,"column":39}},"type":"binary-expr","locations":[{"start":{"line":118,"column":9},"end":{"line":118,"column":15}},{"start":{"line":118,"column":19},"end":{"line":118,"column":25}},{"start":{"line":118,"column":30},"end":{"line":118,"column":39}}],"line":118},"38":{"loc":{"start":{"line":122,"column":18},"end":{"line":122,"column":91}},"type":"cond-expr","locations":[{"start":{"line":122,"column":26},"end":{"line":122,"column":56}},{"start":{"line":122,"column":59},"end":{"line":122,"column":91}}],"line":122},"39":{"loc":{"start":{"line":126,"column":4},"end":{"line":134,"column":5}},"type":"if","locations":[{"start":{"line":126,"column":4},"end":{"line":134,"column":5}},{"start":{},"end":{}}],"line":126},"40":{"loc":{"start":{"line":126,"column":8},"end":{"line":126,"column":38}},"type":"binary-expr","locations":[{"start":{"line":126,"column":8},"end":{"line":126,"column":12}},{"start":{"line":126,"column":16},"end":{"line":126,"column":38}}],"line":126},"41":{"loc":{"start":{"line":127,"column":31},"end":{"line":127,"column":105}},"type":"cond-expr","locations":[{"start":{"line":127,"column":50},"end":{"line":127,"column":100}},{"start":{"line":127,"column":103},"end":{"line":127,"column":105}}],"line":127},"42":{"loc":{"start":{"line":136,"column":4},"end":{"line":151,"column":5}},"type":"if","locations":[{"start":{"line":136,"column":4},"end":{"line":151,"column":5}},{"start":{},"end":{}}],"line":136},"43":{"loc":{"start":{"line":136,"column":8},"end":{"line":136,"column":56}},"type":"binary-expr","locations":[{"start":{"line":136,"column":8},"end":{"line":136,"column":13}},{"start":{"line":136,"column":17},"end":{"line":136,"column":56}}],"line":136},"44":{"loc":{"start":{"line":138,"column":6},"end":{"line":149,"column":7}},"type":"if","locations":[{"start":{"line":138,"column":6},"end":{"line":149,"column":7}},{"start":{},"end":{}}],"line":138},"45":{"loc":{"start":{"line":139,"column":30},"end":{"line":139,"column":53}},"type":"binary-expr","locations":[{"start":{"line":139,"column":30},"end":{"line":139,"column":48}},{"start":{"line":139,"column":52},"end":{"line":139,"column":53}}],"line":139},"46":{"loc":{"start":{"line":143,"column":8},"end":{"line":147,"column":9}},"type":"if","locations":[{"start":{"line":143,"column":8},"end":{"line":147,"column":9}},{"start":{},"end":{}}],"line":143},"47":{"loc":{"start":{"line":153,"column":4},"end":{"line":155,"column":5}},"type":"if","locations":[{"start":{"line":153,"column":4},"end":{"line":155,"column":5}},{"start":{},"end":{}}],"line":153},"48":{"loc":{"start":{"line":178,"column":6},"end":{"line":180,"column":7}},"type":"if","locations":[{"start":{"line":178,"column":6},"end":{"line":180,"column":7}},{"start":{},"end":{}}],"line":178},"49":{"loc":{"start":{"line":201,"column":4},"end":{"line":203,"column":5}},"type":"if","locations":[{"start":{"line":201,"column":4},"end":{"line":203,"column":5}},{"start":{},"end":{}}],"line":201},"50":{"loc":{"start":{"line":208,"column":4},"end":{"line":210,"column":5}},"type":"if","locations":[{"start":{"line":208,"column":4},"end":{"line":210,"column":5}},{"start":{},"end":{}}],"line":208},"51":{"loc":{"start":{"line":208,"column":8},"end":{"line":208,"column":51}},"type":"binary-expr","locations":[{"start":{"line":208,"column":8},"end":{"line":208,"column":13}},{"start":{"line":208,"column":17},"end":{"line":208,"column":51}}],"line":208},"52":{"loc":{"start":{"line":219,"column":4},"end":{"line":221,"column":5}},"type":"if","locations":[{"start":{"line":219,"column":4},"end":{"line":221,"column":5}},{"start":{},"end":{}}],"line":219},"53":{"loc":{"start":{"line":243,"column":4},"end":{"line":245,"column":5}},"type":"if","locations":[{"start":{"line":243,"column":4},"end":{"line":245,"column":5}},{"start":{},"end":{}}],"line":243},"54":{"loc":{"start":{"line":247,"column":4},"end":{"line":249,"column":5}},"type":"if","locations":[{"start":{"line":247,"column":4},"end":{"line":249,"column":5}},{"start":{},"end":{}}],"line":247},"55":{"loc":{"start":{"line":265,"column":2},"end":{"line":269,"column":3}},"type":"if","locations":[{"start":{"line":265,"column":2},"end":{"line":269,"column":3}},{"start":{"line":267,"column":9},"end":{"line":269,"column":3}}],"line":265},"56":{"loc":{"start":{"line":276,"column":4},"end":{"line":276,"column":89}},"type":"if","locations":[{"start":{"line":276,"column":4},"end":{"line":276,"column":89}},{"start":{},"end":{}}],"line":276},"57":{"loc":{"start":{"line":281,"column":18},"end":{"line":281,"column":87}},"type":"cond-expr","locations":[{"start":{"line":281,"column":28},"end":{"line":281,"column":63}},{"start":{"line":281,"column":66},"end":{"line":281,"column":87}}],"line":281},"58":{"loc":{"start":{"line":283,"column":4},"end":{"line":283,"column":99}},"type":"if","locations":[{"start":{"line":283,"column":4},"end":{"line":283,"column":99}},{"start":{},"end":{}}],"line":283},"59":{"loc":{"start":{"line":288,"column":22},"end":{"line":288,"column":47}},"type":"cond-expr","locations":[{"start":{"line":288,"column":32},"end":{"line":288,"column":39}},{"start":{"line":288,"column":42},"end":{"line":288,"column":47}}],"line":288},"60":{"loc":{"start":{"line":294,"column":34},"end":{"line":294,"column":59}},"type":"cond-expr","locations":[{"start":{"line":294,"column":44},"end":{"line":294,"column":51}},{"start":{"line":294,"column":54},"end":{"line":294,"column":59}}],"line":294},"61":{"loc":{"start":{"line":296,"column":10},"end":{"line":296,"column":58}},"type":"binary-expr","locations":[{"start":{"line":296,"column":10},"end":{"line":296,"column":47}},{"start":{"line":296,"column":51},"end":{"line":296,"column":58}}],"line":296},"62":{"loc":{"start":{"line":306,"column":20},"end":{"line":306,"column":89}},"type":"cond-expr","locations":[{"start":{"line":306,"column":30},"end":{"line":306,"column":65}},{"start":{"line":306,"column":68},"end":{"line":306,"column":89}}],"line":306},"63":{"loc":{"start":{"line":309,"column":4},"end":{"line":309,"column":77}},"type":"if","locations":[{"start":{"line":309,"column":4},"end":{"line":309,"column":77}},{"start":{},"end":{}}],"line":309},"64":{"loc":{"start":{"line":310,"column":4},"end":{"line":310,"column":97}},"type":"if","locations":[{"start":{"line":310,"column":4},"end":{"line":310,"column":97}},{"start":{},"end":{}}],"line":310},"65":{"loc":{"start":{"line":310,"column":8},"end":{"line":310,"column":37}},"type":"binary-expr","locations":[{"start":{"line":310,"column":8},"end":{"line":310,"column":17}},{"start":{"line":310,"column":21},"end":{"line":310,"column":37}}],"line":310},"66":{"loc":{"start":{"line":311,"column":4},"end":{"line":311,"column":116}},"type":"if","locations":[{"start":{"line":311,"column":4},"end":{"line":311,"column":116}},{"start":{},"end":{}}],"line":311},"67":{"loc":{"start":{"line":321,"column":4},"end":{"line":321,"column":89}},"type":"if","locations":[{"start":{"line":321,"column":4},"end":{"line":321,"column":89}},{"start":{},"end":{}}],"line":321},"68":{"loc":{"start":{"line":325,"column":20},"end":{"line":325,"column":89}},"type":"cond-expr","locations":[{"start":{"line":325,"column":30},"end":{"line":325,"column":65}},{"start":{"line":325,"column":68},"end":{"line":325,"column":89}}],"line":325},"69":{"loc":{"start":{"line":328,"column":4},"end":{"line":328,"column":77}},"type":"if","locations":[{"start":{"line":328,"column":4},"end":{"line":328,"column":77}},{"start":{},"end":{}}],"line":328},"70":{"loc":{"start":{"line":329,"column":4},"end":{"line":329,"column":97}},"type":"if","locations":[{"start":{"line":329,"column":4},"end":{"line":329,"column":97}},{"start":{},"end":{}}],"line":329},"71":{"loc":{"start":{"line":329,"column":8},"end":{"line":329,"column":37}},"type":"binary-expr","locations":[{"start":{"line":329,"column":8},"end":{"line":329,"column":17}},{"start":{"line":329,"column":21},"end":{"line":329,"column":37}}],"line":329},"72":{"loc":{"start":{"line":330,"column":4},"end":{"line":330,"column":93}},"type":"if","locations":[{"start":{"line":330,"column":4},"end":{"line":330,"column":93}},{"start":{},"end":{}}],"line":330}},"s":{"0":0,"1":0,"2":0,"3":0,"4":0,"5":0,"6":0,"7":0,"8":0,"9":0,"10":0,"11":0,"12":0,"13":0,"14":0,"15":0,"16":0,"17":0,"18":0,"19":0,"20":0,"21":0,"22":0,"23":0,"24":0,"25":0,"26":0,"27":0,"28":0,"29":0,"30":0,"31":0,"32":0,"33":0,"34":0,"35":0,"36":0,"37":0,"38":0,"39":0,"40":0,"41":0,"42":0,"43":0,"44":0,"45":0,"46":0,"47":0,"48":0,"49":0,"50":0,"51":0,"52":0,"53":0,"54":0,"55":0,"56":0,"57":0,"58":0,"59":0,"60":0,"61":0,"62":0,"63":0,"64":0,"65":0,"66":0,"67":0,"68":0,"69":0,"70":0,"71":0,"72":0,"73":0,"74":0,"75":0,"76":0,"77":0,"78":0,"79":0,"80":0,"81":0,"82":0,"83":0,"84":0,"85":0,"86":0,"87":0,"88":0,"89":0,"90":0,"91":0,"92":0,"93":0,"94":0,"95":0,"96":0,"97":0,"98":0,"99":0,"100":0,"101":0,"102":0,"103":0,"104":0,"105":0,"106":0,"107":0,"108":0,"109":0,"110":0,"111":0,"112":0,"113":0,"114":0,"115":0,"116":0,"117":0,"118":0,"119":0,"120":0,"121":0,"122":0,"123":0,"124":0,"125":0,"126":0,"127":0,"128":0,"129":0,"130":0,"131":0,"132":0,"133":0,"134":0,"135":0,"136":0,"137":0,"138":0,"139":0,"140":0,"141":0,"142":0,"143":0,"144":0,"145":0,"146":0,"147":0,"148":0,"149":0,"150":0,"151":0,"152":0,"153":0,"154":0,"155":0,"156":0,"157":0,"158":0,"159":0,"160":0,"161":0,"162":0,"163":0,"164":0,"165":
[...]
rt":{"line":57,"column":8},"end":{"line":57,"column":20}},"24":{"start":{"line":61,"column":4},"end":{"line":66,"column":5}},"25":{"start":{"line":62,"column":24},"end":{"line":62,"column":78}},"26":{"start":{"line":62,"column":53},"end":{"line":62,"column":70}},"27":{"start":{"line":63,"column":6},"end":{"line":65,"column":7}},"28":{"start":{"line":64,"column":8},"end":{"line":64,"column":20}},"29":{"start":{"line":68,"column":4},"end":{"line":73,"column":5}},"30":{"start":{"line":69,"column":27},"end":{"line":69,"column":84}},"31":{"start":{"line":69,"column":56},"end":{"line":69,"column":76}},"32":{"start":{"line":70,"column":6},"end":{"line":72,"column":7}},"33":{"start":{"line":71,"column":8},"end":{"line":71,"column":20}},"34":{"start":{"line":75,"column":4},"end":{"line":77,"column":5}},"35":{"start":{"line":76,"column":6},"end":{"line":76,"column":46}},"36":{"start":{"line":79,"column":23},"end":{"line":79,"column":53}},"37":{"start":{"line":80,"column":4},"end":{"line":82,"column":5}},"38":{"start":{"line":81,"column":6},"end":{"line":81,"column":18}},"39":{"start":{"line":84,"column":4},"end":{"line":84,"column":32}},"40":{"start":{"line":88,"column":0},"end":{"line":88,"column":43}}},"fnMap":{"0":{"name":"(anonymous_0)","decl":{"start":{"line":24,"column":2},"end":{"line":24,"column":3}},"loc":{"start":{"line":24,"column":82},"end":{"line":45,"column":3}},"line":24},"1":{"name":"(anonymous_1)","decl":{"start":{"line":47,"column":2},"end":{"line":47,"column":3}},"loc":{"start":{"line":47,"column":59},"end":{"line":85,"column":3}},"line":47},"2":{"name":"(anonymous_2)","decl":{"start":{"line":51,"column":6},"end":{"line":51,"column":7}},"loc":{"start":{"line":51,"column":11},"end":{"line":51,"column":82}},"line":51},"3":{"name":"(anonymous_3)","decl":{"start":{"line":55,"column":50},"end":{"line":55,"column":51}},"loc":{"start":{"line":55,"column":55},"end":{"line":55,"column":74}},"line":55},"4":{"name":"(anonymous_4)","decl":{"start":{"line":62,"column":48},"end":{"line":62,"column":49}},"loc":{"start":{"line":62,"column":53},"end":{"line":62,"column":70}},"line":62},"5":{"name":"(anonymous_5)","decl":{"start":{"line":69,"column":51},"end":{"line":69,"column":52}},"loc":{"start":{"line":69,"column":56},"end":{"line":69,"column":76}},"line":69}},"branchMap":{"0":{"loc":{"start":{"line":24,"column":52},"end":{"line":24,"column":65}},"type":"default-arg","locations":[{"start":{"line":24,"column":63},"end":{"line":24,"column":65}}],"line":24},"1":{"loc":{"start":{"line":26,"column":4},"end":{"line":26,"column":46}},"type":"if","locations":[{"start":{"line":26,"column":4},"end":{"line":26,"column":46}},{"start":{},"end":{}}],"line":26},"2":{"loc":{"start":{"line":32,"column":4},"end":{"line":41,"column":5}},"type":"if","locations":[{"start":{"line":32,"column":4},"end":{"line":41,"column":5}},{"start":{},"end":{}}],"line":32},"3":{"loc":{"start":{"line":36,"column":6},"end":{"line":38,"column":7}},"type":"if","locations":[{"start":{"line":36,"column":6},"end":{"line":38,"column":7}},{"start":{},"end":{}}],"line":36},"4":{"loc":{"start":{"line":50,"column":29},"end":{"line":52,"column":11}},"type":"binary-expr","locations":[{"start":{"line":50,"column":29},"end":{"line":52,"column":5}},{"start":{"line":52,"column":9},"end":{"line":52,"column":11}}],"line":50},"5":{"loc":{"start":{"line":54,"column":4},"end":{"line":59,"column":5}},"type":"if","locations":[{"start":{"line":54,"column":4},"end":{"line":59,"column":5}},{"start":{},"end":{}}],"line":54},"6":{"loc":{"start":{"line":56,"column":6},"end":{"line":58,"column":7}},"type":"if","locations":[{"start":{"line":56,"column":6},"end":{"line":58,"column":7}},{"start":{},"end":{}}],"line":56},"7":{"loc":{"start":{"line":61,"column":4},"end":{"line":66,"column":5}},"type":"if","locations":[{"start":{"line":61,"column":4},"end":{"line":66,"column":5}},{"start":{},"end":{}}],"line":61},"8":{"loc":{"start":{"line":63,"column":6},"end":{"line":65,"column":7}},"type":"if","locations":[{"start":{"line":63,"column":6},"end":{"line":65,"column":7}},{"start":{},"end":{}}],"line":63},"9":{"loc":{"start":{"line":68,"column":4},"end":{"line":73,"column":5}},"type":"if","locations":[{"start":{"line":68,"column":4},"end":{"line":73,"column":5}},{"start":{},"end":{}}],"line":68},"10":{"loc":{"start":{"line":70,"column":6},"end":{"line":72,"column":7}},"type":"if","locations":[{"start":{"line":70,"column":6},"end":{"line":72,"column":7}},{"start":{},"end":{}}],"line":70},"11":{"loc":{"start":{"line":75,"column":4},"end":{"line":77,"column":5}},"type":"if","locations":[{"start":{"line":75,"column":4},"end":{"line":77,"column":5}},{"start":{},"end":{}}],"line":75},"12":{"loc":{"start":{"line":80,"column":4},"end":{"line":82,"column":5}},"type":"if","locations":[{"start":{"line":80,"column":4},"end":{"line":82,"column":5}},{"start":{},"end":{}}],"line":80}},"s":{"0":0,"1":0,"2":0,"3":0,"4":0,"5":0,"6":0,"7":0,"8":0,"9":0,"10":0,"11":0,"12":0,"13":0,"14":0,"15":0,"16":0,"17":0,"18":0,"19":0,"20":0,"21":0,"22":0,"23":0,"24":0,"25":0,"26":0,"27":0,"28":0,"29":0,"30":0,"31":0,"32":0,"33":0,"34":0,"35":0,"36":0,"37":0,"38":0,"39":0,"40":0},"f":{"0":0,"1":0,"2":0,"3":0,"4":0,"5":0},"b":{"0":[0],"1":[0,0],"2":[0,0],"3":[0,0],"4":[0,0],"5":[0,0],"6":[0,0],"7":[0,0],"8":[0,0],"9":[0,0],"10":[0,0],"11":[0,0],"12":[0,0]}}
,"C:\\Users\\solan\\OneDrive\\Bureau\\linkmind\\backend\\src\\utils\\errors.js": {"path":"C:\\Users\\solan\\OneDrive\\Bureau\\linkmind\\backend\\src\\utils\\errors.js","statementMap":{"0":{"start":{"line":1,"column":15},"end":{"line":1,"column":41}},"1":{"start":{"line":6,"column":4},"end":{"line":6,"column":19}},"2":{"start":{"line":7,"column":4},"end":{"line":7,"column":40}},"3":{"start":{"line":8,"column":4},"end":{"line":8,"column":41}},"4":{"start":{"line":9,"column":4},"end":{"line":9,"column":46}},"5":{"start":{"line":10,"column":4},"end":{"line":10,"column":52}},"6":{"start":{"line":15,"column":21},"end":{"line":114,"column":1}},"7":{"start":{"line":17,"column":2},"end":{"line":17,"column":41}},"8":{"start":{"line":18,"column":2},"end":{"line":18,"column":42}},"9":{"start":{"line":21,"column":2},"end":{"line":37,"column":3}},"10":{"start":{"line":22,"column":4},"end":{"line":29,"column":7}},"11":{"start":{"line":30,"column":9},"end":{"line":37,"column":3}},"12":{"start":{"line":31,"column":4},"end":{"line":36,"column":7}},"13":{"start":{"line":40,"column":2},"end":{"line":52,"column":3}},"14":{"start":{"line":41,"column":20},"end":{"line":44,"column":7}},"15":{"start":{"line":41,"column":56},"end":{"line":44,"column":5}},"16":{"start":{"line":45,"column":4},"end":{"line":51,"column":7}},"17":{"start":{"line":55,"column":2},"end":{"line":64,"column":3}},"18":{"start":{"line":56,"column":18},"end":{"line":56,"column":46}},"19":{"start":{"line":57,"column":4},"end":{"line":63,"column":7}},"20":{"start":{"line":67,"column":2},"end":{"line":74,"column":3}},"21":{"start":{"line":68,"column":4},"end":{"line":73,"column":7}},"22":{"start":{"line":77,"column":2},"end":{"line":84,"column":3}},"23":{"start":{"line":78,"column":4},"end":{"line":83,"column":7}},"24":{"start":{"line":86,"column":2},"end":{"line":93,"column":3}},"25":{"start":{"line":87,"column":4},"end":{"line":92,"column":7}},"26":{"start":{"line":96,"column":2},"end":{"line":103,"column":3}},"27":{"start":{"line":97,"column":4},"end":{"line":102,"column":7}},"28":{"start":{"line":106,"column":23},"end":{"line":106,"column":60}},"29":{"start":{"line":107,"column":2},"end":{"line":113,"column":5}},"30":{"start":{"line":117,"column":21},"end":{"line":119,"column":1}},"31":{"start":{"line":117,"column":29},"end":{"line":119,"column":1}},"32":{"start":{"line":118,"column":2},"end":{"line":118,"column":50}},"33":{"start":{"line":121,"column":0},"end":{"line":121,"column":58}}},"fnMap":{"0":{"name":"(anonymous_0)","decl":{"start":{"line":5,"column":2},"end":{"line":5,"column":3}},"loc":{"start":{"line":5,"column":48},"end":{"line":11,"column":3}},"line":5},"1":{"name":"(anonymous_1)","decl":{"start":{"line":15,"column":21},"end":{"line":15,"column":22}},"loc":{"start":{"line":15,"column":46},"end":{"line":114,"column":1}},"line":15},"2":{"name":"(anonymous_2)","decl":{"start":{"line":41,"column":50},"end":{"line":41,"column":51}},"loc":{"start":{"line":41,"column":56},"end":{"line":44,"column":5}},"line":41},"3":{"name":"(anonymous_3)","decl":{"start":{"line":117,"column":21},"end":{"line":117,"column":22}},"loc":{"start":{"line":117,"column":29},"end":{"line":119,"column":1}},"line":117},"4":{"name":"(anonymous_4)","decl":{"start":{"line":117,"column":29},"end":{"line":117,"column":30}},"loc":{"start":{"line":117,"column":49},"end":{"line":119,"column":1}},"line":117}},"branchMap":{"0":{"loc":{"start":{"line":5,"column":35},"end":{"line":5,"column":46}},"type":"default-arg","locations":[{"start":{"line":5,"column":42},"end":{"line":5,"column":46}}],"line":5},"1":{"loc":{"start":{"line":7,"column":22},"end":{"line":7,"column":39}},"type":"binary-expr","locations":[{"start":{"line":7,"column":22},"end":{"line":7,"column":32}},{"start":{"line":7,"column":36},"end":{"line":7,"column":39}}],"line":7},"2":{"loc":{"start":{"line":8,"column":16},"end":{"line":8,"column":40}},"type":"binary-expr","locations":[{"start":{"line":8,"column":16},"end":{"line":8,"column":20}},{"start":{"line":8,"column":24},"end":{"line":8,"column":40}}],"line":8},"3":{"loc":{"start":{"line":17,"column":19},"end":{"line":17,"column":40}},"type":"binary-expr","locations":[{"start":{"line":17,"column":19},"end":{"line":17,"column":33}},{"start":{"line":17,"column":37},"end":{"line":17,"column":40}}],"line":17},"4":{"loc":{"start":{"line":18,"column":13},"end":{"line":18,"column":41}},"type":"binary-expr","locations":[{"start":{"line":18,"column":13},"end":{"line":18,"column":21}},{"start":{"line":18,"column":25},"end":{"line":18,"column":41}}],"line":18},"5":{"loc":{"start":{"line":21,"column":2},"end":{"line":37,"column":3}},"type":"if","locations":[{"start":{"line":21,"column":2},"end":{"line":37,"column":3}},{"start":{"line":30,"column":9},"end":{"line":37,"column":3}}],"line":21},"6":{"loc":{"start":{"line":28,"column":14},"end":{"line":28,"column":44}},"type":"cond-expr","locations":[{"start":{"line":28,"column":25},"end":{"line":28,"column":37}},{"start":{"line":28,"column":40},"end":{"line":28,"column":44}}],"line":28},"7":{"loc":{"start":{"line":30,"column":9},"end":{"line":37,"column":3}},"type":"if","locations":[{"start":{"line":30,"column":9},"end":{"line":37,"column":3}},{"start":{},"end":{}}],"line":30},"8":{"loc":{"start":{"line":30,"column":13},"end":{"line":30,"column":58}},"type":"binary-expr","locations":[{"start":{"line":30,"column":13},"end":{"line":30,"column":34}},{"start":{"line":30,"column":38},"end":{"line":30,"column":58}}],"line":30},"9":{"loc":{"start":{"line":40,"column":2},"end":{"line":52,"column":3}},"type":"if","locations":[{"start":{"line":40,"column":2},"end":{"line":52,"column":3}},{"start":{},"end":{}}],"line":40},"10":{"loc":{"start":{"line":55,"column":2},"end":{"line":64,"column":3}},"type":"if","locations":[{"start":{"line":55,"column":2},"end":{"line":64,"column":3}},{"start":{},"end":{}}],"line":55},"11":{"loc":{"start":{"line":67,"column":2},"end":{"line":74,"column":3}},"type":"if","locations":[{"start":{"line":67,"column":2},"end":{"line":74,"column":3}},{"start":{},"end":{}}],"line":67},"12":{"loc":{"start":{"line":77,"column":2},"end":{"line":84,"column":3}},"type":"if","locations":[{"start":{"line":77,"column":2},"end":{"line":84,"column":3}},{"start":{},"end":{}}],"line":77},"13":{"loc":{"start":{"line":86,"column":2},"end":{"line":93,"column":3}},"type":"if","locations":[{"start":{"line":86,"column":2},"end":{"line":93,"column":3}},{"start":{},"end":{}}],"line":86},"14":{"loc":{"start":{"line":96,"column":2},"end":{"line":103,"column":3}},"type":"if","locations":[{"start":{"line":96,"column":2},"end":{"line":103,"column":3}},{"start":{},"end":{}}],"line":96},"15":{"loc":{"start":{"line":98,"column":14},"end":{"line":98,"column":54}},"type":"cond-expr","locations":[{"start":{"line":98,"column":37},"end":{"line":98,"column":44}},{"start":{"line":98,"column":47},"end":{"line":98,"column":54}}],"line":98},"16":{"loc":{"start":{"line":110,"column":13},"end":{"line":110,"column":64}},"type":"cond-expr","locations":[{"start":{"line":110,"column":28},"end":{"line":110,"column":50}},{"start":{"line":110,"column":53},"end":{"line":110,"column":64}}],"line":110},"17":{"loc":{"start":{"line":111,"column":8},"end":{"line":111,"column":69}},"type":"binary-expr","locations":[{"start":{"line":111,"column":8},"end":{"line":111,"column":45}},{"start":{"line":111,"column":49},"end":{"line":111,"column":69}}],"line":111}},"s":{"0":0,"1":0,"2":0,"3":0,"4":0,"5":0,"6":0,"7":0,"8":0,"9":0,"10":0,"11":0,"12":0,"13":0,"14":0,"15":0,"16":0,"17":0,"18":0,"19":0,"20":0,"21":0,"22":0,"23":0,"24":0,"25":0,"26":0,"27":0,"28":0,"29":0,"30":0,"31":0,"32":0,"33":0},"f":{"0":0,"1":0,"2":0,"3":0,"4":0},"b":{"0":[0],"1":[0,0],"2":[0,0],"3":[0,0],"4":[0,0],"5":[0,0],"6":[0,0],"7":[0,0],"8":[0,0],"9":[0,0],"10":[0,0],"11":[0,0],"12":[0,0],"13":[0,0],"14":[0,0],"15":[0,0],"16":[0,0],"17":[0,0]}}
,"C:\\Users\\solan\\OneDrive\\Bureau\\linkmind\\backend\\src\\utils\\logger.js": {"path":"C:\\Users\\solan\\OneDrive\\Bureau\\linkmind\\backend\\src\\utils\\logger.js","statementMap":{"0":{"start":{"line":1,"column":16},"end":{"line":1,"column":34}},"1":{"start":{"line":2,"column":13},"end":{"line":2,"column":28}},"2":{"start":{"line":3,"column":11},"end":{"line":3,"column":24}},"3":{"start":{"line":6,"column":16},"end":{"line":6,"column":50}},"4":{"start":{"line":7,"column":0},"end":{"line":9,"column":1}},"5":{"start":{"line":8,"column":2},"end":{"line":8,"column":45}},"6":{"start":{"line":12,"column":25},"end":{"line":16,"column":1}},"7":{"start":{"line":19,"column":21},"end":{"line":46,"column":1}},"8":{"start":{"line":20,"column":2},"end":{"line":20,"column":28}},"9":{"start":{"line":20,"column":17},"end":{"line":20,"column":28}},"10":{"start":{"line":21,"column":2},"end":{"line":21,"column":58}},"11":{"start":{"line":21,"column":47},"end":{"line":21,"column":58}},"12":{"start":{"line":23,"column":2},"end":{"line":25,"column":3}},"13":{"start":{"line":24,"column":4},"end":{"line":24,"column":58}},"14":{"start":{"line":24,"column":27},"end":{"line":24,"column":56}},"15":{"start":{"line":27,"column":18},"end":{"line":27,"column":20}},"16":{"start":{"line":28,"column":2},"end":{"line":43,"column":3}},"17":{"start":{"line":29,"column":4},"end":{"line":29,"column":43}},"18":{"start":{"line":29,"column":34},"end":{"line":29,"column":43}},"19":{"start":{"line":32,"column":24},"end":{"line":34,"column":5}},"20":{"start":{"line":33,"column":6},"end":{"line":33,"column":53}},"21":{"start":{"line":36,"column":4},"end":{"line":42,"column":5}},"22":{"start":{"line":37,"column":6},"end":{"line":37,"column":34}},"23":{"start":{"line":38,"column":11},"end":{"line":42,"column":5}},"24":{"start":{"line":39,"column":6},"end":{"line":39,"column":55}},"25":{"start":{"line":41,"column":6},"end":{"line":41,"column":30}},"26":{"start":{"line":45,"column":2},"end":{"line":45,"column":17}},"27":{"start":{"line":49,"column":21},"end":{"line":53,"column":2}},"28":{"start":{"line":50,"column":22},"end":{"line":50,"column":72}},"29":{"start":{"line":51,"column":18},"end":{"line":51,"column":84}},"30":{"start":{"line":52,"column":2},"end":{"line":52,"column":72}},"31":{"start":{"line":55,"column":15},"end":{"line":87,"column":2}},"32":{"start":{"line":90,"column":0},"end":{"line":98,"column":1}},"33":{"start":{"line":91,"column":2},"end":{"line":97,"column":6}},"34":{"start":{"line":100,"column":0},"end":{"line":100,"column":24}}},"fnMap":{"0":{"name":"(anonymous_0)","decl":{"start":{"line":19,"column":21},"end":{"line":19,"column":22}},"loc":{"start":{"line":19,"column":41},"end":{"line":46,"column":1}},"line":19},"1":{"name":"(anonymous_1)","decl":{"start":{"line":24,"column":19},"end":{"line":24,"column":20}},"loc":{"start":{"line":24,"column":27},"end":{"line":24,"column":56}},"line":24},"2":{"name":"(anonymous_2)","decl":{"start":{"line":32,"column":46},"end":{"line":32,"column":47}},"loc":{"start":{"line":33,"column":6},"end":{"line":33,"column":53}},"line":33},"3":{"name":"(anonymous_3)","decl":{"start":{"line":49,"column":43},"end":{"line":49,"column":44}},"loc":{"start":{"line":49,"column":87},"end":{"line":53,"column":1}},"line":49}},"branchMap":{"0":{"loc":{"start":{"line":7,"column":0},"end":{"line":9,"column":1}},"type":"if","locations":[{"start":{"line":7,"column":0},"end":{"line":9,"column":1}},{"start":{},"end":{}}],"line":7},"1":{"loc":{"start":{"line":19,"column":27},"end":{"line":19,"column":36}},"type":"default-arg","locations":[{"start":{"line":19,"column":35},"end":{"line":19,"column":36}}],"line":19},"2":{"loc":{"start":{"line":20,"column":2},"end":{"line":20,"column":28}},"type":"if","locations":[{"start":{"line":20,"column":2},"end":{"line":20,"column":28}},{"start":{},"end":{}}],"line":20},"3":{"loc":{"start":{"line":21,"column":2},"end":{"line":21,"column":58}},"type":"if","locations":[{"start":{"line":21,"column":2},"end":{"line":21,"column":58}},{"start":{},"end":{}}],"line":21},"4":{"loc":{"start":{"line":21,"column":6},"end":{"line":21,"column":45}},"type":"binary-expr","locations":[{"start":{"line":21,"column":6},"end":{"line":21,"column":18}},{"start":{"line":21,"column":22},"end":{"line":21,"column":45}}],"line":21},"5":{"loc":{"start":{"line":23,"column":2},"end":{"line":25,"column":3}},"type":"if","locations":[{"start":{"line":23,"column":2},"end":{"line":25,"column":3}},{"start":{},"end":{}}],"line":23},"6":{"loc":{"start":{"line":29,"column":4},"end":{"line":29,"column":43}},"type":"if","locations":[{"start":{"line":29,"column":4},"end":{"line":29,"column":43}},{"start":{},"end":{}}],"line":29},"7":{"loc":{"start":{"line":36,"column":4},"end":{"line":42,"column":5}},"type":"if","locations":[{"start":{"line":36,"column":4},"end":{"line":42,"column":5}},{"start":{"line":38,"column":11},"end":{"line":42,"column":5}}],"line":36},"8":{"loc":{"start":{"line":38,"column":11},"end":{"line":42,"column":5}},"type":"if","locations":[{"start":{"line":38,"column":11},"end":{"line":42,"column":5}},{"start":{"line":40,"column":11},"end":{"line":42,"column":5}}],"line":38},"9":{"loc":{"start":{"line":38,"column":15},"end":{"line":38,"column":64}},"type":"binary-expr","locations":[{"start":{"line":38,"column":15},"end":{"line":38,"column":43}},{"start":{"line":38,"column":47},"end":{"line":38,"column":64}}],"line":38},"10":{"loc":{"start":{"line":50,"column":22},"end":{"line":50,"column":72}},"type":"cond-expr","locations":[{"start":{"line":50,"column":49},"end":{"line":50,"column":67}},{"start":{"line":50,"column":70},"end":{"line":50,"column":72}}],"line":50},"11":{"loc":{"start":{"line":51,"column":18},"end":{"line":51,"column":84}},"type":"cond-expr","locations":[{"start":{"line":51,"column":52},"end":{"line":51,"column":79}},{"start":{"line":51,"column":82},"end":{"line":51,"column":84}}],"line":51},"12":{"loc":{"start":{"line":56,"column":9},"end":{"line":56,"column":40}},"type":"binary-expr","locations":[{"start":{"line":56,"column":9},"end":{"line":56,"column":30}},{"start":{"line":56,"column":34},"end":{"line":56,"column":40}}],"line":56},"13":{"loc":{"start":{"line":90,"column":0},"end":{"line":98,"column":1}},"type":"if","locations":[{"start":{"line":90,"column":0},"end":{"line":98,"column":1}},{"start":{},"end":{}}],"line":90}},"s":{"0":0,"1":0,"2":0,"3":0,"4":0,"5":0,"6":0,"7":0,"8":0,"9":0,"10":0,"11":0,"12":0,"13":0,"14":0,"15":0,"16":0,"17":0,"18":0,"19":0,"20":0,"21":0,"22":0,"23":0,"24":0,"25":0,"26":0,"27":0,"28":0,"29":0,"30":0,"31":0,"32":0,"33":0,"34":0},"f":{"0":0,"1":0,"2":0,"3":0},"b":{"0":[0,0],"1":[0],"2":[0,0],"3":[0,0],"4":[0,0],"5":[0,0],"6":[0,0],"7":[0,0],"8":[0,0],"9":[0,0],"10":[0,0],"11":[0,0],"12":[0,0],"13":[0,0]}}
}
